

Microchip MPLAB XC8 Assembler V2.46 build 20240104201356 
                                                                                               Sat Oct 05 22:24:27 2024

Microchip MPLAB XC8 C Compiler v2.46 (Free license) build 20240104201356 Og1 
     1                           	processor	16F877A
     2                           	pagewidth 120
     3                           	opt	flic
     4                           	psect	nvCOMMON,global,class=COMMON,space=1,delta=1,noexec
     5                           	psect	cinit,global,class=CODE,merge=1,delta=2
     6                           	psect	cstackCOMMON,global,class=COMMON,space=1,delta=1,noexec
     7                           	psect	maintext,global,class=CODE,split=1,delta=2
     8                           	psect	text1,local,class=CODE,merge=1,delta=2
     9                           	psect	config,global,abs,ovrld,class=CONFIG,space=4,delta=2,noexec
    10                           	dabs	1,0x7E,2
    11     0000                     
    12                           ; Generated 12/10/2023 GMT
    13                           ; 
    14                           ; Copyright © 2023, Microchip Technology Inc. and its subsidiaries ("Microchip")
    15                           ; All rights reserved.
    16                           ; 
    17                           ; This software is developed by Microchip Technology Inc. and its subsidiaries ("Microch
      +                          ip").
    18                           ; 
    19                           ; Redistribution and use in source and binary forms, with or without modification, are
    20                           ; permitted provided that the following conditions are met:
    21                           ; 
    22                           ;     1. Redistributions of source code must retain the above copyright notice, this lis
      +                          t of
    23                           ;        conditions and the following disclaimer.
    24                           ; 
    25                           ;     2. Redistributions in binary form must reproduce the above copyright notice, this 
      +                          list
    26                           ;        of conditions and the following disclaimer in the documentation and/or other
    27                           ;        materials provided with the distribution. Publication is not required when
    28                           ;        this file is used in an embedded application.
    29                           ; 
    30                           ;     3. Microchip's name may not be used to endorse or promote products derived from th
      +                          is
    31                           ;        software without specific prior written permission.
    32                           ; 
    33                           ; THIS SOFTWARE IS PROVIDED BY MICROCHIP "AS IS" AND ANY EXPRESS OR IMPLIED WARRANTIES,
    34                           ; INCLUDING, BUT NOT LIMITED TO, THE IMPLIED WARRANTIES OF MERCHANTABILITY AND FITNESS F
      +                          OR
    35                           ; PURPOSE ARE DISCLAIMED.  IN NO EVENT SHALL MICROCHIP BE LIABLE FOR ANY DIRECT, INDIREC
      +                          T,
    36                           ; INCIDENTAL, SPECIAL, EXEMPLARY, OR CONSEQUENTIAL DAMAGES (INCLUDING BUT NOT LIMITED TO
    37                           ; PROCUREMENT OF SUBSTITUTE GOODS OR SERVICES; LOSS OF USE, DATA OR PROFITS; OR BUSINESS
    38                           ; INTERRUPTION) HOWSOEVER CAUSED AND ON ANY THEORY OF LIABILITY, WHETHER IN CONTRACT, ST
      +                          RICT
    39                           ; LIABILITY, OR TORT (INCLUDING NEGLIGENCE OR OTHERWISE) ARISING IN ANY WAY OUT OF THE U
      +                          SE OF
    40                           ; THIS SOFTWARE, EVEN IF ADVISED OF THE POSSIBILITY OF SUCH DAMAGE.
    41                           ; 
    42                           ; 
    43                           ; Code-generator required, PIC16F877A Definitions
    44                           ; 
    45                           ; SFR Addresses
    46     0000                     	;# 
    47     0001                     	;# 
    48     0002                     	;# 
    49     0003                     	;# 
    50     0004                     	;# 
    51     0005                     	;# 
    52     0006                     	;# 
    53     0007                     	;# 
    54     0008                     	;# 
    55     0009                     	;# 
    56     000A                     	;# 
    57     000B                     	;# 
    58     000C                     	;# 
    59     000D                     	;# 
    60     000E                     	;# 
    61     000E                     	;# 
    62     000F                     	;# 
    63     0010                     	;# 
    64     0011                     	;# 
    65     0012                     	;# 
    66     0013                     	;# 
    67     0014                     	;# 
    68     0015                     	;# 
    69     0015                     	;# 
    70     0016                     	;# 
    71     0017                     	;# 
    72     0018                     	;# 
    73     0019                     	;# 
    74     001A                     	;# 
    75     001B                     	;# 
    76     001B                     	;# 
    77     001C                     	;# 
    78     001D                     	;# 
    79     001E                     	;# 
    80     001F                     	;# 
    81     0081                     	;# 
    82     0085                     	;# 
    83     0086                     	;# 
    84     0087                     	;# 
    85     0088                     	;# 
    86     0089                     	;# 
    87     008C                     	;# 
    88     008D                     	;# 
    89     008E                     	;# 
    90     0091                     	;# 
    91     0092                     	;# 
    92     0093                     	;# 
    93     0094                     	;# 
    94     0098                     	;# 
    95     0099                     	;# 
    96     009C                     	;# 
    97     009D                     	;# 
    98     009E                     	;# 
    99     009F                     	;# 
   100     010C                     	;# 
   101     010D                     	;# 
   102     010E                     	;# 
   103     010F                     	;# 
   104     018C                     	;# 
   105     018D                     	;# 
   106     0000                     	;# 
   107     0001                     	;# 
   108     0002                     	;# 
   109     0003                     	;# 
   110     0004                     	;# 
   111     0005                     	;# 
   112     0006                     	;# 
   113     0007                     	;# 
   114     0008                     	;# 
   115     0009                     	;# 
   116     000A                     	;# 
   117     000B                     	;# 
   118     000C                     	;# 
   119     000D                     	;# 
   120     000E                     	;# 
   121     000E                     	;# 
   122     000F                     	;# 
   123     0010                     	;# 
   124     0011                     	;# 
   125     0012                     	;# 
   126     0013                     	;# 
   127     0014                     	;# 
   128     0015                     	;# 
   129     0015                     	;# 
   130     0016                     	;# 
   131     0017                     	;# 
   132     0018                     	;# 
   133     0019                     	;# 
   134     001A                     	;# 
   135     001B                     	;# 
   136     001B                     	;# 
   137     001C                     	;# 
   138     001D                     	;# 
   139     001E                     	;# 
   140     001F                     	;# 
   141     0081                     	;# 
   142     0085                     	;# 
   143     0086                     	;# 
   144     0087                     	;# 
   145     0088                     	;# 
   146     0089                     	;# 
   147     008C                     	;# 
   148     008D                     	;# 
   149     008E                     	;# 
   150     0091                     	;# 
   151     0092                     	;# 
   152     0093                     	;# 
   153     0094                     	;# 
   154     0098                     	;# 
   155     0099                     	;# 
   156     009C                     	;# 
   157     009D                     	;# 
   158     009E                     	;# 
   159     009F                     	;# 
   160     010C                     	;# 
   161     010D                     	;# 
   162     010E                     	;# 
   163     010F                     	;# 
   164     018C                     	;# 
   165     018D                     	;# 
   166     0000                     	;# 
   167     0001                     	;# 
   168     0002                     	;# 
   169     0003                     	;# 
   170     0004                     	;# 
   171     0005                     	;# 
   172     0006                     	;# 
   173     0007                     	;# 
   174     0008                     	;# 
   175     0009                     	;# 
   176     000A                     	;# 
   177     000B                     	;# 
   178     000C                     	;# 
   179     000D                     	;# 
   180     000E                     	;# 
   181     000E                     	;# 
   182     000F                     	;# 
   183     0010                     	;# 
   184     0011                     	;# 
   185     0012                     	;# 
   186     0013                     	;# 
   187     0014                     	;# 
   188     0015                     	;# 
   189     0015                     	;# 
   190     0016                     	;# 
   191     0017                     	;# 
   192     0018                     	;# 
   193     0019                     	;# 
   194     001A                     	;# 
   195     001B                     	;# 
   196     001B                     	;# 
   197     001C                     	;# 
   198     001D                     	;# 
   199     001E                     	;# 
   200     001F                     	;# 
   201     0081                     	;# 
   202     0085                     	;# 
   203     0086                     	;# 
   204     0087                     	;# 
   205     0088                     	;# 
   206     0089                     	;# 
   207     008C                     	;# 
   208     008D                     	;# 
   209     008E                     	;# 
   210     0091                     	;# 
   211     0092                     	;# 
   212     0093                     	;# 
   213     0094                     	;# 
   214     0098                     	;# 
   215     0099                     	;# 
   216     009C                     	;# 
   217     009D                     	;# 
   218     009E                     	;# 
   219     009F                     	;# 
   220     010C                     	;# 
   221     010D                     	;# 
   222     010E                     	;# 
   223     010F                     	;# 
   224     018C                     	;# 
   225     018D                     	;# 
   226                           
   227                           	psect	nvCOMMON
   228     0070                     __pnvCOMMON:
   229     0070                     _value:
   230     0070                     	ds	1
   231     0006                     _PORTB	set	6
   232     0007                     _PORTC	set	7
   233     0086                     _TRISB	set	134
   234     0087                     _TRISC	set	135
   235                           
   236                           	psect	cinit
   237     07FC                     start_initialization:	
   238                           ; #config settings
   239                           
   240     07FC                     __initialization:
   241     07FC                     end_of_initialization:	
   242                           ;End of C runtime variable initialization code
   243                           
   244     07FC                     __end_of__initialization:
   245     07FC  0183               	clrf	3
   246     07FD  120A  118A  2FC5   	ljmp	_main	;jump to C main() function
   247                           
   248                           	psect	cstackCOMMON
   249     0000                     __pcstackCOMMON:
   250     0000                     ?_enable_internal_pullup:
   251     0000                     ??_enable_internal_pullup:	
   252                           ; 1 bytes @ 0x0
   253                           
   254     0000                     ?_main:	
   255                           ; 1 bytes @ 0x0
   256                           
   257     0000                     ??_main:	
   258                           ; 1 bytes @ 0x0
   259                           
   260                           
   261                           	psect	maintext
   262     07C5                     __pmaintext:	
   263                           ; 1 bytes @ 0x0
   264 ;;
   265 ;;Main: autosize = 0, tempsize = 0, incstack = 0, save=0
   266 ;;
   267 ;; *************** function _main *****************
   268 ;; Defined at:
   269 ;;		line 26 in file "task_driver.c"
   270 ;; Parameters:    Size  Location     Type
   271 ;;		None
   272 ;; Auto vars:     Size  Location     Type
   273 ;;		None
   274 ;; Return value:  Size  Location     Type
   275 ;;                  1    wreg      void 
   276 ;; Registers used:
   277 ;;		wreg, fsr0l, fsr0h, status,2, status,0, btemp+1, pclath, cstack
   278 ;; Tracked objects:
   279 ;;		On entry : B00/0
   280 ;;		On exit  : 0/0
   281 ;;		Unchanged: 0/0
   282 ;; Data sizes:     COMMON   BANK0   BANK1   BANK3   BANK2
   283 ;;      Params:         0       0       0       0       0
   284 ;;      Locals:         0       0       0       0       0
   285 ;;      Temps:          0       0       0       0       0
   286 ;;      Totals:         0       0       0       0       0
   287 ;;Total ram usage:        0 bytes
   288 ;; Hardware stack levels required when called: 1
   289 ;; This function calls:
   290 ;;		_enable_internal_pullup
   291 ;; This function is called by:
   292 ;;		Startup code after reset
   293 ;; This function uses a non-reentrant model
   294 ;;
   295                           
   296     07C5                     _main:	
   297                           ;psect for function _main
   298                           
   299     07C5                     l579:	
   300                           ;incstack = 0
   301                           ; Regs used in _main: [wreg-fsr0h+status,2+status,0+btemp+1+pclath+cstack]
   302                           
   303                           
   304                           ;task_driver.c: 28:     TRISC = 0x00;
   305     07C5  1683               	bsf	3,5	;RP0=1, select bank1
   306     07C6  1303               	bcf	3,6	;RP1=0, select bank1
   307     07C7  0187               	clrf	7	;volatile
   308                           
   309                           ;task_driver.c: 29:     PORTC = 0x00;
   310     07C8  1283               	bcf	3,5	;RP0=0, select bank0
   311     07C9  1303               	bcf	3,6	;RP1=0, select bank0
   312     07CA  0187               	clrf	7	;volatile
   313     07CB                     l581:
   314                           
   315                           ;task_driver.c: 30:     TRISB = 0xF0;
   316     07CB  30F0               	movlw	240
   317     07CC  1683               	bsf	3,5	;RP0=1, select bank1
   318     07CD  1303               	bcf	3,6	;RP1=0, select bank1
   319     07CE  0086               	movwf	6	;volatile
   320     07CF                     l583:
   321                           
   322                           ;task_driver.c: 31:     PORTB = 0x00;
   323     07CF  1283               	bcf	3,5	;RP0=0, select bank0
   324     07D0  1303               	bcf	3,6	;RP1=0, select bank0
   325     07D1  0186               	clrf	6	;volatile
   326     07D2                     l585:
   327                           
   328                           ;task_driver.c: 34:     enable_internal_pullup();
   329     07D2  120A  118A  27BE  120A  118A  	fcall	_enable_internal_pullup
   330     07D7                     l587:
   331                           
   332                           ;task_driver.c: 38:         value = PORTB & 0xF0;
   333     07D7  1283               	bcf	3,5	;RP0=0, select bank0
   334     07D8  1303               	bcf	3,6	;RP1=0, select bank0
   335     07D9  0806               	movf	6,w	;volatile
   336     07DA  39F0               	andlw	240
   337     07DB  00F0               	movwf	_value
   338                           
   339                           ;task_driver.c: 41:         switch (value) {
   340     07DC  2FE8               	goto	l603
   341     07DD                     l589:
   342                           
   343                           ;task_driver.c: 43:                 PORTC = 0x80;
   344     07DD  3080               	movlw	128
   345     07DE  0087               	movwf	7	;volatile
   346                           
   347                           ;task_driver.c: 44:                 break;
   348     07DF  2FD7               	goto	l587
   349     07E0                     l591:
   350                           
   351                           ;task_driver.c: 46:                 PORTC = 0x04;
   352     07E0  3004               	movlw	4
   353     07E1  0087               	movwf	7	;volatile
   354                           
   355                           ;task_driver.c: 47:                 break;
   356     07E2  2FD7               	goto	l587
   357     07E3                     l593:
   358                           
   359                           ;task_driver.c: 49:                 PORTC = 0x00;
   360     07E3  0187               	clrf	7	;volatile
   361                           
   362                           ;task_driver.c: 50:                 break;
   363     07E4  2FD7               	goto	l587
   364     07E5                     l595:
   365                           
   366                           ;task_driver.c: 52:                 PORTC = 0x84;
   367     07E5  3084               	movlw	132
   368     07E6  0087               	movwf	7	;volatile
   369                           
   370                           ;task_driver.c: 53:                 break;
   371     07E7  2FD7               	goto	l587
   372     07E8                     l603:
   373     07E8  0870               	movf	_value,w
   374                           
   375                           ; Switch size 1, requested type "simple"
   376                           ; Number of cases is 5, Range of values is 112 to 240
   377                           ; switch strategies available:
   378                           ; Name         Instructions Cycles
   379                           ; simple_byte           16     9 (average)
   380                           ; jumptable            263     9 (fixed)
   381                           ;	Chosen strategy is simple_byte
   382     07E9  3A70               	xorlw	112	; case 112
   383     07EA  1903               	skipnz
   384     07EB  2FE5               	goto	l595
   385     07EC  3AC0               	xorlw	192	; case 176
   386     07ED  1903               	skipnz
   387     07EE  2FE3               	goto	l593
   388     07EF  3A60               	xorlw	96	; case 208
   389     07F0  1903               	skipnz
   390     07F1  2FE0               	goto	l591
   391     07F2  3A30               	xorlw	48	; case 224
   392     07F3  1903               	skipnz
   393     07F4  2FDD               	goto	l589
   394     07F5  3A10               	xorlw	16	; case 240
   395     07F6  1903               	skipnz
   396     07F7  2FE3               	goto	l593
   397     07F8  2FE3               	goto	l593
   398     07F9  120A  118A  2800   	ljmp	start
   399     07FC                     __end_of_main:
   400                           
   401                           	psect	text1
   402     07BE                     __ptext1:	
   403 ;; *************** function _enable_internal_pullup *****************
   404 ;; Defined at:
   405 ;;		line 15 in file "task_bsp.c"
   406 ;; Parameters:    Size  Location     Type
   407 ;;		None
   408 ;; Auto vars:     Size  Location     Type
   409 ;;  option_reg      2    0        PTR unsigned char 
   410 ;;		 -> RAM(512), 
   411 ;; Return value:  Size  Location     Type
   412 ;;                  1    wreg      void 
   413 ;; Registers used:
   414 ;;		wreg, fsr0l, fsr0h, status,2, status,0, btemp+1
   415 ;; Tracked objects:
   416 ;;		On entry : 0/0
   417 ;;		On exit  : 0/0
   418 ;;		Unchanged: 0/0
   419 ;; Data sizes:     COMMON   BANK0   BANK1   BANK3   BANK2
   420 ;;      Params:         0       0       0       0       0
   421 ;;      Locals:         0       0       0       0       0
   422 ;;      Temps:          0       0       0       0       0
   423 ;;      Totals:         0       0       0       0       0
   424 ;;Total ram usage:        0 bytes
   425 ;; Hardware stack levels used: 1
   426 ;; This function calls:
   427 ;;		Nothing
   428 ;; This function is called by:
   429 ;;		_main
   430 ;; This function uses a non-reentrant model
   431 ;;
   432                           
   433     07BE                     _enable_internal_pullup:	
   434                           ;psect for function _enable_internal_pullup
   435                           
   436     07BE                     l575:	
   437                           ;incstack = 0
   438                           ; Regs used in _enable_internal_pullup: [wreg-fsr0h+status,2+status,0+btemp+1]
   439                           
   440     07BE                     l577:
   441                           
   442                           ;task_bsp.c: 18:     *option_reg &= ~(1 << 7);
   443     07BE  307F               	movlw	127
   444     07BF  00FF               	movwf	btemp+1
   445     07C0  087F               	movf	btemp+1,w
   446     07C1  1683               	bsf	3,5	;RP0=1, select bank1
   447     07C2  1303               	bcf	3,6	;RP1=0, select bank1
   448     07C3  0581               	andwf	1,f
   449     07C4                     l31:
   450     07C4  0008               	return
   451     07C5                     __end_of_enable_internal_pullup:
   452     007E                     btemp	set	126	;btemp
   453     007E                     wtemp0	set	126
   454                           
   455                           	psect	config
   456                           
   457                           ;Config register CONFIG @ 0x2007
   458                           ;	Oscillator Selection bits
   459                           ;	FOSC = EXTRC, RC oscillator
   460                           ;	Watchdog Timer Enable bit
   461                           ;	WDTE = OFF, WDT disabled
   462                           ;	Power-up Timer Enable bit
   463                           ;	PWRTE = OFF, PWRT disabled
   464                           ;	Brown-out Reset Enable bit
   465                           ;	BOREN = OFF, BOR disabled
   466                           ;	Low-Voltage (Single-Supply) In-Circuit Serial Programming Enable bit
   467                           ;	LVP = OFF, RB3 is digital I/O, HV on MCLR must be used for programming
   468                           ;	Data EEPROM Memory Code Protection bit
   469                           ;	CPD = OFF, Data EEPROM code protection off
   470                           ;	Flash Program Memory Write Enable bits
   471                           ;	WRT = OFF, Write protection off; all program memory may be written to by EECON control
   472                           ;	In-Circuit Debugger Mode bit
   473                           ;	DEBUG = 0x1, unprogrammed default
   474                           ;	Flash Program Memory Code Protection bit
   475                           ;	CP = OFF, Code protection off
   476     2007                     	org	8199
   477     2007  3F3B               	dw	16187

Data Sizes:
    Strings     0
    Constant    0
    Data        0
    BSS         0
    Persistent  1
    Stack       0

Auto Spaces:
    Space          Size  Autos    Used
    COMMON           14      0       1
    BANK0            80      0       0
    BANK1            80      0       0
    BANK3            96      0       0
    BANK2            96      0       0

Pointer List with Targets:

    enable_internal_pullup@option_reg	PTR unsigned char  size(2) Largest target is 512
		 -> RAM(DATA[512]), 


Critical Paths under _main in COMMON

    None.

Critical Paths under _main in BANK0

    None.

Critical Paths under _main in BANK1

    None.

Critical Paths under _main in BANK3

    None.

Critical Paths under _main in BANK2

    None.

Call Graph Tables:

 ---------------------------------------------------------------------------------
 (Depth) Function   	        Calls       Base Space   Used Autos Params    Refs
 ---------------------------------------------------------------------------------
 (0) _main                                                 0     0      0      15
             _enable_internal_pullup
 ---------------------------------------------------------------------------------
 (1) _enable_internal_pullup                               2     2      0      15
 ---------------------------------------------------------------------------------
 Estimated maximum stack depth 1
 ---------------------------------------------------------------------------------

 Call Graph Graphs:

 _main (ROOT)
   _enable_internal_pullup

 Address spaces:
Name               Size   Autos  Total    Cost      Usage
BITCOMMON            E      0       0       0        0.0%
EEDATA             100      0       0       0        0.0%
NULL                 0      0       0       0        0.0%
CODE                 0      0       0       0        0.0%
COMMON               E      0       1       1        7.1%
BITSFR0              0      0       0       1        0.0%
SFR0                 0      0       0       1        0.0%
BITSFR1              0      0       0       2        0.0%
SFR1                 0      0       0       2        0.0%
STACK                0      0       0       2        0.0%
ABS                  0      0       1       3        0.0%
BITBANK0            50      0       0       4        0.0%
BITSFR3              0      0       0       4        0.0%
SFR3                 0      0       0       4        0.0%
BANK0               50      0       0       5        0.0%
BITSFR2              0      0       0       5        0.0%
SFR2                 0      0       0       5        0.0%
BITBANK1            50      0       0       6        0.0%
BANK1               50      0       0       7        0.0%
BITBANK3            60      0       0       8        0.0%
BANK3               60      0       0       9        0.0%
BITBANK2            60      0       0      10        0.0%
BANK2               60      0       0      11        0.0%
DATA                 0      0       1      12        0.0%


Microchip Technology PIC Macro Assembler V2.46 build 20240104201356 
Symbol Table                                                                                   Sat Oct 05 22:24:27 2024

                            l31 07C4                             l603 07E8                             l581 07CB  
                           l575 07BE                             l591 07E0                             l583 07CF  
                           l577 07BE                             l593 07E3                             l585 07D2  
                           l595 07E5                             l587 07D7                             l579 07C5  
                           l589 07DD                            _main 07C5                            btemp 007E  
                          start 0000                           ?_main 0000                           _PORTB 0006  
                         _PORTC 0007                           _TRISB 0086                           _TRISC 0087  
                         _value 0070                           status 0003                           wtemp0 007E  
               __initialization 07FC                    __end_of_main 07FC                          ??_main 0000  
       __end_of__initialization 07FC                  __pcstackCOMMON 0000                      __pnvCOMMON 0070  
                    __pmaintext 07C5        ??_enable_internal_pullup 0000                         __ptext1 07BE  
          end_of_initialization 07FC             start_initialization 07FC          _enable_internal_pullup 07BE  
                     ___latbits 0002         ?_enable_internal_pullup 0000  __end_of_enable_internal_pullup 07C5  
