

Microchip MPLAB XC8 Assembler V2.46 build 20240104201356 
                                                                                               Sat Nov 09 01:24:03 2024

Microchip MPLAB XC8 C Compiler v2.46 (Free license) build 20240104201356 Og1 
     1                           	processor	16F877A
     2                           	pagewidth 120
     3                           	opt	flic
     4                           	psect	cinit,global,class=CODE,merge=1,delta=2
     5                           	psect	cstackCOMMON,global,class=COMMON,space=1,delta=1,noexec
     6                           	psect	cstackBANK0,global,class=BANK0,space=1,delta=1,noexec
     7                           	psect	maintext,global,class=CODE,split=1,delta=2
     8                           	psect	text1,local,class=CODE,merge=1,delta=2
     9                           	psect	text2,local,class=CODE,merge=1,delta=2,group=1
    10                           	psect	text3,local,class=CODE,merge=1,delta=2
    11                           	psect	text4,local,class=CODE,merge=1,delta=2
    12                           	psect	text5,local,class=CODE,merge=1,delta=2
    13                           	psect	text6,local,class=CODE,merge=1,delta=2
    14                           	psect	text7,local,class=CODE,merge=1,delta=2
    15                           	psect	text8,local,class=CODE,merge=1,delta=2
    16                           	psect	text9,local,class=CODE,merge=1,delta=2
    17                           	psect	text10,local,class=CODE,merge=1,delta=2
    18                           	psect	text11,local,class=CODE,merge=1,delta=2
    19                           	dabs	1,0x7E,2
    20     0000                     
    21                           ; Generated 12/10/2023 GMT
    22                           ; 
    23                           ; Copyright © 2023, Microchip Technology Inc. and its subsidiaries ("Microchip")
    24                           ; All rights reserved.
    25                           ; 
    26                           ; This software is developed by Microchip Technology Inc. and its subsidiaries ("Microch
      +                          ip").
    27                           ; 
    28                           ; Redistribution and use in source and binary forms, with or without modification, are
    29                           ; permitted provided that the following conditions are met:
    30                           ; 
    31                           ;     1. Redistributions of source code must retain the above copyright notice, this lis
      +                          t of
    32                           ;        conditions and the following disclaimer.
    33                           ; 
    34                           ;     2. Redistributions in binary form must reproduce the above copyright notice, this 
      +                          list
    35                           ;        of conditions and the following disclaimer in the documentation and/or other
    36                           ;        materials provided with the distribution. Publication is not required when
    37                           ;        this file is used in an embedded application.
    38                           ; 
    39                           ;     3. Microchip's name may not be used to endorse or promote products derived from th
      +                          is
    40                           ;        software without specific prior written permission.
    41                           ; 
    42                           ; THIS SOFTWARE IS PROVIDED BY MICROCHIP "AS IS" AND ANY EXPRESS OR IMPLIED WARRANTIES,
    43                           ; INCLUDING, BUT NOT LIMITED TO, THE IMPLIED WARRANTIES OF MERCHANTABILITY AND FITNESS F
      +                          OR
    44                           ; PURPOSE ARE DISCLAIMED.  IN NO EVENT SHALL MICROCHIP BE LIABLE FOR ANY DIRECT, INDIREC
      +                          T,
    45                           ; INCIDENTAL, SPECIAL, EXEMPLARY, OR CONSEQUENTIAL DAMAGES (INCLUDING BUT NOT LIMITED TO
    46                           ; PROCUREMENT OF SUBSTITUTE GOODS OR SERVICES; LOSS OF USE, DATA OR PROFITS; OR BUSINESS
    47                           ; INTERRUPTION) HOWSOEVER CAUSED AND ON ANY THEORY OF LIABILITY, WHETHER IN CONTRACT, ST
      +                          RICT
    48                           ; LIABILITY, OR TORT (INCLUDING NEGLIGENCE OR OTHERWISE) ARISING IN ANY WAY OUT OF THE U
      +                          SE OF
    49                           ; THIS SOFTWARE, EVEN IF ADVISED OF THE POSSIBILITY OF SUCH DAMAGE.
    50                           ; 
    51                           ; 
    52                           ; Code-generator required, PIC16F877A Definitions
    53                           ; 
    54                           ; SFR Addresses
    55     0000                     	;# 
    56     0001                     	;# 
    57     0002                     	;# 
    58     0003                     	;# 
    59     0004                     	;# 
    60     0005                     	;# 
    61     0006                     	;# 
    62     0007                     	;# 
    63     0008                     	;# 
    64     0009                     	;# 
    65     000A                     	;# 
    66     000B                     	;# 
    67     000C                     	;# 
    68     000D                     	;# 
    69     000E                     	;# 
    70     000E                     	;# 
    71     000F                     	;# 
    72     0010                     	;# 
    73     0011                     	;# 
    74     0012                     	;# 
    75     0013                     	;# 
    76     0014                     	;# 
    77     0015                     	;# 
    78     0015                     	;# 
    79     0016                     	;# 
    80     0017                     	;# 
    81     0018                     	;# 
    82     0019                     	;# 
    83     001A                     	;# 
    84     001B                     	;# 
    85     001B                     	;# 
    86     001C                     	;# 
    87     001D                     	;# 
    88     001E                     	;# 
    89     001F                     	;# 
    90     0081                     	;# 
    91     0085                     	;# 
    92     0086                     	;# 
    93     0087                     	;# 
    94     0088                     	;# 
    95     0089                     	;# 
    96     008C                     	;# 
    97     008D                     	;# 
    98     008E                     	;# 
    99     0091                     	;# 
   100     0092                     	;# 
   101     0093                     	;# 
   102     0094                     	;# 
   103     0098                     	;# 
   104     0099                     	;# 
   105     009C                     	;# 
   106     009D                     	;# 
   107     009E                     	;# 
   108     009F                     	;# 
   109     010C                     	;# 
   110     010D                     	;# 
   111     010E                     	;# 
   112     010F                     	;# 
   113     018C                     	;# 
   114     018D                     	;# 
   115     0000                     	;# 
   116     0001                     	;# 
   117     0002                     	;# 
   118     0003                     	;# 
   119     0004                     	;# 
   120     0005                     	;# 
   121     0006                     	;# 
   122     0007                     	;# 
   123     0008                     	;# 
   124     0009                     	;# 
   125     000A                     	;# 
   126     000B                     	;# 
   127     000C                     	;# 
   128     000D                     	;# 
   129     000E                     	;# 
   130     000E                     	;# 
   131     000F                     	;# 
   132     0010                     	;# 
   133     0011                     	;# 
   134     0012                     	;# 
   135     0013                     	;# 
   136     0014                     	;# 
   137     0015                     	;# 
   138     0015                     	;# 
   139     0016                     	;# 
   140     0017                     	;# 
   141     0018                     	;# 
   142     0019                     	;# 
   143     001A                     	;# 
   144     001B                     	;# 
   145     001B                     	;# 
   146     001C                     	;# 
   147     001D                     	;# 
   148     001E                     	;# 
   149     001F                     	;# 
   150     0081                     	;# 
   151     0085                     	;# 
   152     0086                     	;# 
   153     0087                     	;# 
   154     0088                     	;# 
   155     0089                     	;# 
   156     008C                     	;# 
   157     008D                     	;# 
   158     008E                     	;# 
   159     0091                     	;# 
   160     0092                     	;# 
   161     0093                     	;# 
   162     0094                     	;# 
   163     0098                     	;# 
   164     0099                     	;# 
   165     009C                     	;# 
   166     009D                     	;# 
   167     009E                     	;# 
   168     009F                     	;# 
   169     010C                     	;# 
   170     010D                     	;# 
   171     010E                     	;# 
   172     010F                     	;# 
   173     018C                     	;# 
   174     018D                     	;# 
   175     0000                     	;# 
   176     0001                     	;# 
   177     0002                     	;# 
   178     0003                     	;# 
   179     0004                     	;# 
   180     0005                     	;# 
   181     0006                     	;# 
   182     0007                     	;# 
   183     0008                     	;# 
   184     0009                     	;# 
   185     000A                     	;# 
   186     000B                     	;# 
   187     000C                     	;# 
   188     000D                     	;# 
   189     000E                     	;# 
   190     000E                     	;# 
   191     000F                     	;# 
   192     0010                     	;# 
   193     0011                     	;# 
   194     0012                     	;# 
   195     0013                     	;# 
   196     0014                     	;# 
   197     0015                     	;# 
   198     0015                     	;# 
   199     0016                     	;# 
   200     0017                     	;# 
   201     0018                     	;# 
   202     0019                     	;# 
   203     001A                     	;# 
   204     001B                     	;# 
   205     001B                     	;# 
   206     001C                     	;# 
   207     001D                     	;# 
   208     001E                     	;# 
   209     001F                     	;# 
   210     0081                     	;# 
   211     0085                     	;# 
   212     0086                     	;# 
   213     0087                     	;# 
   214     0088                     	;# 
   215     0089                     	;# 
   216     008C                     	;# 
   217     008D                     	;# 
   218     008E                     	;# 
   219     0091                     	;# 
   220     0092                     	;# 
   221     0093                     	;# 
   222     0094                     	;# 
   223     0098                     	;# 
   224     0099                     	;# 
   225     009C                     	;# 
   226     009D                     	;# 
   227     009E                     	;# 
   228     009F                     	;# 
   229     010C                     	;# 
   230     010D                     	;# 
   231     010E                     	;# 
   232     010F                     	;# 
   233     018C                     	;# 
   234     018D                     	;# 
   235     0013                     _SSPBUF	set	19
   236     0014                     _SSPCON	set	20
   237     0008                     _PORTD	set	8
   238     0063                     _SSPIF	set	99
   239     0094                     _SSPSTAT	set	148
   240     0093                     _SSPADD	set	147
   241     0091                     _SSPCON2	set	145
   242     0088                     _TRISD	set	136
   243     048C                     _ACKEN	set	1164
   244     048D                     _ACKDT	set	1165
   245     048B                     _RCEN	set	1163
   246     048E                     _ACKSTAT	set	1166
   247     048A                     _PEN	set	1162
   248     0489                     _RSEN	set	1161
   249     0488                     _SEN	set	1160
   250     043C                     _TRISC4	set	1084
   251     043B                     _TRISC3	set	1083
   252                           
   253                           	psect	cinit
   254     07FC                     start_initialization:	
   255                           ; #config settings
   256                           
   257     07FC                     __initialization:
   258     07FC                     end_of_initialization:	
   259                           ;End of C runtime variable initialization code
   260                           
   261     07FC                     __end_of__initialization:
   262     07FC  0183               	clrf	3
   263     07FD  120A  118A  2F56   	ljmp	_main	;jump to C main() function
   264                           
   265                           	psect	cstackCOMMON
   266     0070                     __pcstackCOMMON:
   267     0070                     ?_main:
   268     0070                     ?_I2C_Master_Wait:	
   269                           ; 1 bytes @ 0x0
   270                           
   271     0070                     ??_I2C_Master_Wait:	
   272                           ; 1 bytes @ 0x0
   273                           
   274     0070                     ?_I2C_Master_Start:	
   275                           ; 1 bytes @ 0x0
   276                           
   277     0070                     ??_I2C_Master_Start:	
   278                           ; 1 bytes @ 0x0
   279                           
   280     0070                     ?_I2C_Master_RepeatedStart:	
   281                           ; 1 bytes @ 0x0
   282                           
   283     0070                     ??_I2C_Master_RepeatedStart:	
   284                           ; 1 bytes @ 0x0
   285                           
   286     0070                     ?_I2C_Master_Stop:	
   287                           ; 1 bytes @ 0x0
   288                           
   289     0070                     ??_I2C_Master_Stop:	
   290                           ; 1 bytes @ 0x0
   291                           
   292     0070                     ?_I2C_Master_Write:	
   293                           ; 1 bytes @ 0x0
   294                           
   295     0070                     ??_I2C_Master_Write:	
   296                           ; 1 bytes @ 0x0
   297                           
   298     0070                     ?_I2C_Read_Byte:	
   299                           ; 1 bytes @ 0x0
   300                           
   301     0070                     ??_I2C_Read_Byte:	
   302                           ; 1 bytes @ 0x0
   303                           
   304     0070                     ?_I2C_NACK:	
   305                           ; 1 bytes @ 0x0
   306                           
   307     0070                     ??_I2C_NACK:	
   308                           ; 1 bytes @ 0x0
   309                           
   310     0070                     ?___lldiv:	
   311                           ; 1 bytes @ 0x0
   312                           
   313     0070                     I2C_Master_Write@data:	
   314                           ; 4 bytes @ 0x0
   315                           
   316     0070                     ___lldiv@divisor:	
   317                           ; 1 bytes @ 0x0
   318                           
   319                           
   320                           ; 4 bytes @ 0x0
   321     0070                     	ds	1
   322     0071                     ?_EEPROM_Write:
   323     0071                     ?_EEPROM_Read:	
   324                           ; 1 bytes @ 0x1
   325                           
   326     0071                     EEPROM_Write@add:	
   327                           ; 1 bytes @ 0x1
   328                           
   329     0071                     EEPROM_Read@add:	
   330                           ; 2 bytes @ 0x1
   331                           
   332                           
   333                           ; 2 bytes @ 0x1
   334     0071                     	ds	2
   335     0073                     ??_EEPROM_Read:
   336     0073                     EEPROM_Write@data:	
   337                           ; 1 bytes @ 0x3
   338                           
   339     0073                     EEPROM_Read@data:	
   340                           ; 1 bytes @ 0x3
   341                           
   342                           
   343                           ; 1 bytes @ 0x3
   344     0073                     	ds	1
   345     0074                     ??_EEPROM_Write:
   346     0074                     ___lldiv@dividend:	
   347                           ; 1 bytes @ 0x4
   348                           
   349                           
   350                           ; 4 bytes @ 0x4
   351     0074                     	ds	4
   352     0078                     ??___lldiv:
   353                           
   354                           ; 1 bytes @ 0x8
   355     0078                     	ds	1
   356     0079                     ___lldiv@quotient:
   357                           
   358                           ; 4 bytes @ 0x9
   359     0079                     	ds	4
   360     007D                     ___lldiv@counter:
   361                           
   362                           ; 1 bytes @ 0xD
   363     007D                     	ds	1
   364                           
   365                           	psect	cstackBANK0
   366     0020                     __pcstackBANK0:
   367     0020                     ?_I2C_Master_Init:
   368     0020                     I2C_Master_Init@baud:	
   369                           ; 1 bytes @ 0x0
   370                           
   371                           
   372                           ; 4 bytes @ 0x0
   373     0020                     	ds	4
   374     0024                     ??_I2C_Master_Init:
   375                           
   376                           ; 1 bytes @ 0x4
   377     0024                     	ds	4
   378     0028                     ??_main:
   379                           
   380                           ; 1 bytes @ 0x8
   381     0028                     	ds	3
   382                           
   383                           	psect	maintext
   384     0756                     __pmaintext:	
   385 ;;
   386 ;;Main: autosize = 0, tempsize = 3, incstack = 0, save=0
   387 ;;
   388 ;; *************** function _main *****************
   389 ;; Defined at:
   390 ;;		line 14 in file "main.c"
   391 ;; Parameters:    Size  Location     Type
   392 ;;		None
   393 ;; Auto vars:     Size  Location     Type
   394 ;;		None
   395 ;; Return value:  Size  Location     Type
   396 ;;                  1    wreg      void 
   397 ;; Registers used:
   398 ;;		wreg, status,2, status,0, btemp+1, pclath, cstack
   399 ;; Tracked objects:
   400 ;;		On entry : B00/0
   401 ;;		On exit  : 0/0
   402 ;;		Unchanged: 0/0
   403 ;; Data sizes:     COMMON   BANK0   BANK1   BANK3   BANK2
   404 ;;      Params:         0       0       0       0       0
   405 ;;      Locals:         0       0       0       0       0
   406 ;;      Temps:          0       3       0       0       0
   407 ;;      Totals:         0       3       0       0       0
   408 ;;Total ram usage:        3 bytes
   409 ;; Hardware stack levels required when called: 3
   410 ;; This function calls:
   411 ;;		_EEPROM_Read
   412 ;;		_EEPROM_Write
   413 ;;		_I2C_Master_Init
   414 ;; This function is called by:
   415 ;;		Startup code after reset
   416 ;; This function uses a non-reentrant model
   417 ;;
   418                           
   419     0756                     _main:	
   420                           ;psect for function _main
   421                           
   422     0756                     l824:	
   423                           ;incstack = 0
   424                           ; Regs used in _main: [wreg+status,2+status,0+btemp+1+pclath+cstack]
   425                           
   426                           
   427                           ;main.c: 16:     I2C_Master_Init(100000);
   428     0756  3000               	movlw	0
   429     0757  1283               	bcf	3,5	;RP0=0, select bank0
   430     0758  1303               	bcf	3,6	;RP1=0, select bank0
   431     0759  00A3               	movwf	I2C_Master_Init@baud+3
   432     075A  3001               	movlw	1
   433     075B  00A2               	movwf	I2C_Master_Init@baud+2
   434     075C  3086               	movlw	134
   435     075D  00A1               	movwf	I2C_Master_Init@baud+1
   436     075E  30A0               	movlw	160
   437     075F  00A0               	movwf	I2C_Master_Init@baud
   438     0760  120A  118A  2679  120A  118A  	fcall	_I2C_Master_Init
   439     0765                     l826:
   440                           
   441                           ;main.c: 19:     EEPROM_Write(0x0023, 'A');
   442     0765  3023               	movlw	35
   443     0766  00F1               	movwf	EEPROM_Write@add
   444     0767  3000               	movlw	0
   445     0768  00F2               	movwf	EEPROM_Write@add+1
   446     0769  3041               	movlw	65
   447     076A  00F3               	movwf	EEPROM_Write@data
   448     076B  120A  118A  264B  120A  118A  	fcall	_EEPROM_Write
   449     0770                     l828:
   450                           
   451                           ;main.c: 20:     _delay((unsigned long)((10)*(16000000/4000.0)));
   452     0770  3034               	movlw	52
   453     0771  1283               	bcf	3,5	;RP0=0, select bank0
   454     0772  1303               	bcf	3,6	;RP1=0, select bank0
   455     0773  00A9               	movwf	??_main+1
   456     0774  30F1               	movlw	241
   457     0775  00A8               	movwf	??_main
   458     0776                     u257:
   459     0776  0BA8               	decfsz	??_main,f
   460     0777  2F76               	goto	u257
   461     0778  0BA9               	decfsz	??_main+1,f
   462     0779  2F76               	goto	u257
   463     077A                     l830:
   464                           
   465                           ;main.c: 21:     EEPROM_Write(0x0028, 'B');
   466     077A  3028               	movlw	40
   467     077B  00F1               	movwf	EEPROM_Write@add
   468     077C  3000               	movlw	0
   469     077D  00F2               	movwf	EEPROM_Write@add+1
   470     077E  3042               	movlw	66
   471     077F  00F3               	movwf	EEPROM_Write@data
   472     0780  120A  118A  264B  120A  118A  	fcall	_EEPROM_Write
   473     0785                     l832:
   474                           
   475                           ;main.c: 22:     _delay((unsigned long)((10)*(16000000/4000.0)));
   476     0785  3034               	movlw	52
   477     0786  1283               	bcf	3,5	;RP0=0, select bank0
   478     0787  1303               	bcf	3,6	;RP1=0, select bank0
   479     0788  00A9               	movwf	??_main+1
   480     0789  30F1               	movlw	241
   481     078A  00A8               	movwf	??_main
   482     078B                     u267:
   483     078B  0BA8               	decfsz	??_main,f
   484     078C  2F8B               	goto	u267
   485     078D  0BA9               	decfsz	??_main+1,f
   486     078E  2F8B               	goto	u267
   487     078F                     l834:
   488                           
   489                           ;main.c: 23:     EEPROM_Write(0x0036, 'C');
   490     078F  3036               	movlw	54
   491     0790  00F1               	movwf	EEPROM_Write@add
   492     0791  3000               	movlw	0
   493     0792  00F2               	movwf	EEPROM_Write@add+1
   494     0793  3043               	movlw	67
   495     0794  00F3               	movwf	EEPROM_Write@data
   496     0795  120A  118A  264B  120A  118A  	fcall	_EEPROM_Write
   497     079A                     l836:
   498                           
   499                           ;main.c: 24:     _delay((unsigned long)((10)*(16000000/4000.0)));
   500     079A  3034               	movlw	52
   501     079B  1283               	bcf	3,5	;RP0=0, select bank0
   502     079C  1303               	bcf	3,6	;RP1=0, select bank0
   503     079D  00A9               	movwf	??_main+1
   504     079E  30F1               	movlw	241
   505     079F  00A8               	movwf	??_main
   506     07A0                     u277:
   507     07A0  0BA8               	decfsz	??_main,f
   508     07A1  2FA0               	goto	u277
   509     07A2  0BA9               	decfsz	??_main+1,f
   510     07A3  2FA0               	goto	u277
   511     07A4                     l838:
   512                           
   513                           ;main.c: 27:     TRISD = 0x00;
   514     07A4  1683               	bsf	3,5	;RP0=1, select bank1
   515     07A5  1303               	bcf	3,6	;RP1=0, select bank1
   516     07A6  0188               	clrf	8	;volatile
   517     07A7                     l840:
   518                           
   519                           ;main.c: 30:     PORTD = EEPROM_Read(0x0023);
   520     07A7  3023               	movlw	35
   521     07A8  00F1               	movwf	EEPROM_Read@add
   522     07A9  3000               	movlw	0
   523     07AA  00F2               	movwf	EEPROM_Read@add+1
   524     07AB  120A  118A  26B1  120A  118A  	fcall	_EEPROM_Read
   525     07B0  1283               	bcf	3,5	;RP0=0, select bank0
   526     07B1  1303               	bcf	3,6	;RP1=0, select bank0
   527     07B2  0088               	movwf	8	;volatile
   528     07B3                     l842:
   529                           
   530                           ;main.c: 31:     _delay((unsigned long)((1000)*(16000000/4000.0)));
   531     07B3  3015               	movlw	21
   532     07B4  1283               	bcf	3,5	;RP0=0, select bank0
   533     07B5  1303               	bcf	3,6	;RP1=0, select bank0
   534     07B6  00AA               	movwf	??_main+2
   535     07B7  304B               	movlw	75
   536     07B8  00A9               	movwf	??_main+1
   537     07B9  30BD               	movlw	189
   538     07BA  00A8               	movwf	??_main
   539     07BB                     u287:
   540     07BB  0BA8               	decfsz	??_main,f
   541     07BC  2FBB               	goto	u287
   542     07BD  0BA9               	decfsz	??_main+1,f
   543     07BE  2FBB               	goto	u287
   544     07BF  0BAA               	decfsz	??_main+2,f
   545     07C0  2FBB               	goto	u287
   546     07C1  2FC2               	nop2
   547     07C2                     l844:
   548                           
   549                           ;main.c: 33:     PORTD = EEPROM_Read(0x0028);
   550     07C2  3028               	movlw	40
   551     07C3  00F1               	movwf	EEPROM_Read@add
   552     07C4  3000               	movlw	0
   553     07C5  00F2               	movwf	EEPROM_Read@add+1
   554     07C6  120A  118A  26B1  120A  118A  	fcall	_EEPROM_Read
   555     07CB  1283               	bcf	3,5	;RP0=0, select bank0
   556     07CC  1303               	bcf	3,6	;RP1=0, select bank0
   557     07CD  0088               	movwf	8	;volatile
   558     07CE                     l846:
   559                           
   560                           ;main.c: 34:     _delay((unsigned long)((1000)*(16000000/4000.0)));
   561     07CE  3015               	movlw	21
   562     07CF  1283               	bcf	3,5	;RP0=0, select bank0
   563     07D0  1303               	bcf	3,6	;RP1=0, select bank0
   564     07D1  00AA               	movwf	??_main+2
   565     07D2  304B               	movlw	75
   566     07D3  00A9               	movwf	??_main+1
   567     07D4  30BD               	movlw	189
   568     07D5  00A8               	movwf	??_main
   569     07D6                     u297:
   570     07D6  0BA8               	decfsz	??_main,f
   571     07D7  2FD6               	goto	u297
   572     07D8  0BA9               	decfsz	??_main+1,f
   573     07D9  2FD6               	goto	u297
   574     07DA  0BAA               	decfsz	??_main+2,f
   575     07DB  2FD6               	goto	u297
   576     07DC  2FDD               	nop2
   577     07DD                     l848:
   578                           
   579                           ;main.c: 36:     PORTD = EEPROM_Read(0x0036);
   580     07DD  3036               	movlw	54
   581     07DE  00F1               	movwf	EEPROM_Read@add
   582     07DF  3000               	movlw	0
   583     07E0  00F2               	movwf	EEPROM_Read@add+1
   584     07E1  120A  118A  26B1  120A  118A  	fcall	_EEPROM_Read
   585     07E6  1283               	bcf	3,5	;RP0=0, select bank0
   586     07E7  1303               	bcf	3,6	;RP1=0, select bank0
   587     07E8  0088               	movwf	8	;volatile
   588     07E9                     l850:
   589                           
   590                           ;main.c: 37:     _delay((unsigned long)((1000)*(16000000/4000.0)));
   591     07E9  3015               	movlw	21
   592     07EA  1283               	bcf	3,5	;RP0=0, select bank0
   593     07EB  1303               	bcf	3,6	;RP1=0, select bank0
   594     07EC  00AA               	movwf	??_main+2
   595     07ED  304B               	movlw	75
   596     07EE  00A9               	movwf	??_main+1
   597     07EF  30BD               	movlw	189
   598     07F0  00A8               	movwf	??_main
   599     07F1                     u307:
   600     07F1  0BA8               	decfsz	??_main,f
   601     07F2  2FF1               	goto	u307
   602     07F3  0BA9               	decfsz	??_main+1,f
   603     07F4  2FF1               	goto	u307
   604     07F5  0BAA               	decfsz	??_main+2,f
   605     07F6  2FF1               	goto	u307
   606     07F7  2FF8               	nop2
   607     07F8                     l17:	
   608                           ;main.c: 39:     while (1);
   609                           
   610     07F8                     l18:
   611     07F8  2FF8               	goto	l17
   612     07F9  120A  118A  2800   	ljmp	start
   613     07FC                     __end_of_main:
   614                           
   615                           	psect	text1
   616     0679                     __ptext1:	
   617 ;; *************** function _I2C_Master_Init *****************
   618 ;; Defined at:
   619 ;;		line 17 in file "I2C_EEPROM.c"
   620 ;; Parameters:    Size  Location     Type
   621 ;;  baud            4    0[BANK0 ] const unsigned long 
   622 ;; Auto vars:     Size  Location     Type
   623 ;;		None
   624 ;; Return value:  Size  Location     Type
   625 ;;                  1    wreg      void 
   626 ;; Registers used:
   627 ;;		wreg, status,2, status,0, btemp+1, pclath, cstack
   628 ;; Tracked objects:
   629 ;;		On entry : 0/0
   630 ;;		On exit  : 0/0
   631 ;;		Unchanged: 0/0
   632 ;; Data sizes:     COMMON   BANK0   BANK1   BANK3   BANK2
   633 ;;      Params:         0       4       0       0       0
   634 ;;      Locals:         0       0       0       0       0
   635 ;;      Temps:          0       4       0       0       0
   636 ;;      Totals:         0       8       0       0       0
   637 ;;Total ram usage:        8 bytes
   638 ;; Hardware stack levels used: 1
   639 ;; Hardware stack levels required when called: 1
   640 ;; This function calls:
   641 ;;		___lldiv
   642 ;; This function is called by:
   643 ;;		_main
   644 ;; This function uses a non-reentrant model
   645 ;;
   646                           
   647     0679                     _I2C_Master_Init:	
   648                           ;psect for function _I2C_Master_Init
   649                           
   650     0679                     l796:	
   651                           ;incstack = 0
   652                           ; Regs used in _I2C_Master_Init: [wreg+status,2+status,0+btemp+1+pclath+cstack]
   653                           
   654                           
   655                           ;I2C_EEPROM.c: 18:     SSPCON = 0b00101000;
   656     0679  3028               	movlw	40
   657     067A  1283               	bcf	3,5	;RP0=0, select bank0
   658     067B  1303               	bcf	3,6	;RP1=0, select bank0
   659     067C  0094               	movwf	20	;volatile
   660     067D                     l798:
   661                           
   662                           ;I2C_EEPROM.c: 19:     SSPCON2 = 0;
   663     067D  1683               	bsf	3,5	;RP0=1, select bank1
   664     067E  1303               	bcf	3,6	;RP1=0, select bank1
   665     067F  0191               	clrf	17	;volatile
   666     0680                     l800:
   667                           
   668                           ;I2C_EEPROM.c: 20:     SSPADD = (16000000 / (4 * baud)) - 1;
   669     0680  1283               	bcf	3,5	;RP0=0, select bank0
   670     0681  1303               	bcf	3,6	;RP1=0, select bank0
   671     0682  0820               	movf	I2C_Master_Init@baud,w
   672     0683  00A4               	movwf	??_I2C_Master_Init
   673     0684  0821               	movf	I2C_Master_Init@baud+1,w
   674     0685  00A5               	movwf	??_I2C_Master_Init+1
   675     0686  0822               	movf	I2C_Master_Init@baud+2,w
   676     0687  00A6               	movwf	??_I2C_Master_Init+2
   677     0688  0823               	movf	I2C_Master_Init@baud+3,w
   678     0689  00A7               	movwf	??_I2C_Master_Init+3
   679     068A  3002               	movlw	2
   680     068B                     u225:
   681     068B  1003               	clrc
   682     068C  0DA4               	rlf	??_I2C_Master_Init,f
   683     068D  0DA5               	rlf	??_I2C_Master_Init+1,f
   684     068E  0DA6               	rlf	??_I2C_Master_Init+2,f
   685     068F  0DA7               	rlf	??_I2C_Master_Init+3,f
   686     0690                     u220:
   687     0690  3EFF               	addlw	-1
   688     0691  1D03               	skipz
   689     0692  2E8B               	goto	u225
   690     0693  0827               	movf	??_I2C_Master_Init+3,w
   691     0694  00F3               	movwf	___lldiv@divisor+3
   692     0695  0826               	movf	??_I2C_Master_Init+2,w
   693     0696  00F2               	movwf	___lldiv@divisor+2
   694     0697  0825               	movf	??_I2C_Master_Init+1,w
   695     0698  00F1               	movwf	___lldiv@divisor+1
   696     0699  0824               	movf	??_I2C_Master_Init,w
   697     069A  00F0               	movwf	___lldiv@divisor
   698     069B  3000               	movlw	0
   699     069C  00F7               	movwf	___lldiv@dividend+3
   700     069D  30F4               	movlw	244
   701     069E  00F6               	movwf	___lldiv@dividend+2
   702     069F  3024               	movlw	36
   703     06A0  00F5               	movwf	___lldiv@dividend+1
   704     06A1  3000               	movlw	0
   705     06A2  00F4               	movwf	___lldiv@dividend
   706     06A3  120A  118A  26F0  120A  118A  	fcall	___lldiv
   707     06A8  0870               	movf	?___lldiv,w
   708     06A9  3EFF               	addlw	255
   709     06AA  1683               	bsf	3,5	;RP0=1, select bank1
   710     06AB  1303               	bcf	3,6	;RP1=0, select bank1
   711     06AC  0093               	movwf	19	;volatile
   712     06AD                     l802:
   713                           
   714                           ;I2C_EEPROM.c: 21:     SSPSTAT = 0;
   715     06AD  0194               	clrf	20	;volatile
   716     06AE                     l804:
   717                           
   718                           ;I2C_EEPROM.c: 22:     TRISC3 = 1;
   719     06AE  1587               	bsf	7,3	;volatile
   720     06AF                     l806:
   721                           
   722                           ;I2C_EEPROM.c: 23:     TRISC4 = 1;
   723     06AF  1607               	bsf	7,4	;volatile
   724     06B0                     l53:
   725     06B0  0008               	return
   726     06B1                     __end_of_I2C_Master_Init:
   727                           
   728                           	psect	text2
   729     06F0                     __ptext2:	
   730 ;; *************** function ___lldiv *****************
   731 ;; Defined at:
   732 ;;		line 5 in file "C:\Program Files\Microchip\xc8\v2.46\pic\sources\c99\common\__lldiv.c"
   733 ;; Parameters:    Size  Location     Type
   734 ;;  divisor         4    0[COMMON] unsigned long 
   735 ;;  dividend        4    4[COMMON] unsigned long 
   736 ;; Auto vars:     Size  Location     Type
   737 ;;  quotient        4    9[COMMON] unsigned long 
   738 ;;  counter         1   13[COMMON] unsigned char 
   739 ;; Return value:  Size  Location     Type
   740 ;;                  4    0[COMMON] unsigned long 
   741 ;; Registers used:
   742 ;;		wreg, status,2, status,0, btemp+1
   743 ;; Tracked objects:
   744 ;;		On entry : 0/0
   745 ;;		On exit  : 0/0
   746 ;;		Unchanged: 0/0
   747 ;; Data sizes:     COMMON   BANK0   BANK1   BANK3   BANK2
   748 ;;      Params:         8       0       0       0       0
   749 ;;      Locals:         5       0       0       0       0
   750 ;;      Temps:          1       0       0       0       0
   751 ;;      Totals:        14       0       0       0       0
   752 ;;Total ram usage:       14 bytes
   753 ;; Hardware stack levels used: 1
   754 ;; This function calls:
   755 ;;		Nothing
   756 ;; This function is called by:
   757 ;;		_I2C_Master_Init
   758 ;; This function uses a non-reentrant model
   759 ;;
   760                           
   761     06F0                     ___lldiv:	
   762                           ;psect for function ___lldiv
   763                           
   764     06F0                     l770:	
   765                           ;incstack = 0
   766                           ; Regs used in ___lldiv: [wreg+status,2+status,0+btemp+1]
   767                           
   768     06F0  3000               	movlw	0
   769     06F1  00FC               	movwf	___lldiv@quotient+3
   770     06F2  3000               	movlw	0
   771     06F3  00FB               	movwf	___lldiv@quotient+2
   772     06F4  3000               	movlw	0
   773     06F5  00FA               	movwf	___lldiv@quotient+1
   774     06F6  3000               	movlw	0
   775     06F7  00F9               	movwf	___lldiv@quotient
   776     06F8  0873               	movf	___lldiv@divisor+3,w
   777     06F9  0472               	iorwf	___lldiv@divisor+2,w
   778     06FA  0471               	iorwf	___lldiv@divisor+1,w
   779     06FB  0470               	iorwf	___lldiv@divisor,w
   780     06FC  1903               	skipnz
   781     06FD  2EFF               	goto	u151
   782     06FE  2F00               	goto	u150
   783     06FF                     u151:
   784     06FF  2F4D               	goto	l792
   785     0700                     u150:
   786     0700                     l772:
   787     0700  01FD               	clrf	___lldiv@counter
   788     0701  0AFD               	incf	___lldiv@counter,f
   789     0702  2F10               	goto	l778
   790     0703                     l774:
   791     0703  3001               	movlw	1
   792     0704  00F8               	movwf	??___lldiv
   793     0705                     u165:
   794     0705  1003               	clrc
   795     0706  0DF0               	rlf	___lldiv@divisor,f
   796     0707  0DF1               	rlf	___lldiv@divisor+1,f
   797     0708  0DF2               	rlf	___lldiv@divisor+2,f
   798     0709  0DF3               	rlf	___lldiv@divisor+3,f
   799     070A  0BF8               	decfsz	??___lldiv,f
   800     070B  2F05               	goto	u165
   801     070C                     l776:
   802     070C  3001               	movlw	1
   803     070D  00FF               	movwf	btemp+1
   804     070E  087F               	movf	btemp+1,w
   805     070F  07FD               	addwf	___lldiv@counter,f
   806     0710                     l778:
   807     0710  1FF3               	btfss	___lldiv@divisor+3,7
   808     0711  2F13               	goto	u171
   809     0712  2F14               	goto	u170
   810     0713                     u171:
   811     0713  2F03               	goto	l774
   812     0714                     u170:
   813     0714                     l780:
   814     0714  3001               	movlw	1
   815     0715  00F8               	movwf	??___lldiv
   816     0716                     u185:
   817     0716  1003               	clrc
   818     0717  0DF9               	rlf	___lldiv@quotient,f
   819     0718  0DFA               	rlf	___lldiv@quotient+1,f
   820     0719  0DFB               	rlf	___lldiv@quotient+2,f
   821     071A  0DFC               	rlf	___lldiv@quotient+3,f
   822     071B  0BF8               	decfsz	??___lldiv,f
   823     071C  2F16               	goto	u185
   824     071D                     l782:
   825     071D  0873               	movf	___lldiv@divisor+3,w
   826     071E  0277               	subwf	___lldiv@dividend+3,w
   827     071F  1D03               	skipz
   828     0720  2F2B               	goto	u195
   829     0721  0872               	movf	___lldiv@divisor+2,w
   830     0722  0276               	subwf	___lldiv@dividend+2,w
   831     0723  1D03               	skipz
   832     0724  2F2B               	goto	u195
   833     0725  0871               	movf	___lldiv@divisor+1,w
   834     0726  0275               	subwf	___lldiv@dividend+1,w
   835     0727  1D03               	skipz
   836     0728  2F2B               	goto	u195
   837     0729  0870               	movf	___lldiv@divisor,w
   838     072A  0274               	subwf	___lldiv@dividend,w
   839     072B                     u195:
   840     072B  1C03               	skipc
   841     072C  2F2E               	goto	u191
   842     072D  2F2F               	goto	u190
   843     072E                     u191:
   844     072E  2F3E               	goto	l788
   845     072F                     u190:
   846     072F                     l784:
   847     072F  0870               	movf	___lldiv@divisor,w
   848     0730  02F4               	subwf	___lldiv@dividend,f
   849     0731  0871               	movf	___lldiv@divisor+1,w
   850     0732  1C03               	skipc
   851     0733  0F71               	incfsz	___lldiv@divisor+1,w
   852     0734  02F5               	subwf	___lldiv@dividend+1,f
   853     0735  0872               	movf	___lldiv@divisor+2,w
   854     0736  1C03               	skipc
   855     0737  0F72               	incfsz	___lldiv@divisor+2,w
   856     0738  02F6               	subwf	___lldiv@dividend+2,f
   857     0739  0873               	movf	___lldiv@divisor+3,w
   858     073A  1C03               	skipc
   859     073B  0F73               	incfsz	___lldiv@divisor+3,w
   860     073C  02F7               	subwf	___lldiv@dividend+3,f
   861     073D                     l786:
   862     073D  1479               	bsf	___lldiv@quotient,0
   863     073E                     l788:
   864     073E  3001               	movlw	1
   865     073F                     u205:
   866     073F  1003               	clrc
   867     0740  0CF3               	rrf	___lldiv@divisor+3,f
   868     0741  0CF2               	rrf	___lldiv@divisor+2,f
   869     0742  0CF1               	rrf	___lldiv@divisor+1,f
   870     0743  0CF0               	rrf	___lldiv@divisor,f
   871     0744  3EFF               	addlw	-1
   872     0745  1D03               	skipz
   873     0746  2F3F               	goto	u205
   874     0747                     l790:
   875     0747  3001               	movlw	1
   876     0748  02FD               	subwf	___lldiv@counter,f
   877     0749  1D03               	btfss	3,2
   878     074A  2F4C               	goto	u211
   879     074B  2F4D               	goto	u210
   880     074C                     u211:
   881     074C  2F14               	goto	l780
   882     074D                     u210:
   883     074D                     l792:
   884     074D  087C               	movf	___lldiv@quotient+3,w
   885     074E  00F3               	movwf	?___lldiv+3
   886     074F  087B               	movf	___lldiv@quotient+2,w
   887     0750  00F2               	movwf	?___lldiv+2
   888     0751  087A               	movf	___lldiv@quotient+1,w
   889     0752  00F1               	movwf	?___lldiv+1
   890     0753  0879               	movf	___lldiv@quotient,w
   891     0754  00F0               	movwf	?___lldiv
   892     0755                     l220:
   893     0755  0008               	return
   894     0756                     __end_of___lldiv:
   895                           
   896                           	psect	text3
   897     064B                     __ptext3:	
   898 ;; *************** function _EEPROM_Write *****************
   899 ;; Defined at:
   900 ;;		line 82 in file "I2C_EEPROM.c"
   901 ;; Parameters:    Size  Location     Type
   902 ;;  add             2    1[COMMON] unsigned int 
   903 ;;  data            1    3[COMMON] unsigned char 
   904 ;; Auto vars:     Size  Location     Type
   905 ;;		None
   906 ;; Return value:  Size  Location     Type
   907 ;;                  1    wreg      void 
   908 ;; Registers used:
   909 ;;		wreg, status,2, status,0, pclath, cstack
   910 ;; Tracked objects:
   911 ;;		On entry : 0/0
   912 ;;		On exit  : 0/0
   913 ;;		Unchanged: 0/0
   914 ;; Data sizes:     COMMON   BANK0   BANK1   BANK3   BANK2
   915 ;;      Params:         3       0       0       0       0
   916 ;;      Locals:         0       0       0       0       0
   917 ;;      Temps:          0       0       0       0       0
   918 ;;      Totals:         3       0       0       0       0
   919 ;;Total ram usage:        3 bytes
   920 ;; Hardware stack levels used: 1
   921 ;; Hardware stack levels required when called: 2
   922 ;; This function calls:
   923 ;;		_I2C_Master_RepeatedStart
   924 ;;		_I2C_Master_Start
   925 ;;		_I2C_Master_Stop
   926 ;;		_I2C_Master_Write
   927 ;; This function is called by:
   928 ;;		_main
   929 ;; This function uses a non-reentrant model
   930 ;;
   931                           
   932     064B                     _EEPROM_Write:	
   933                           ;psect for function _EEPROM_Write
   934                           
   935     064B                     l808:	
   936                           ;incstack = 0
   937                           ; Regs used in _EEPROM_Write: [wreg+status,2+status,0+pclath+cstack]
   938                           
   939                           
   940                           ;I2C_EEPROM.c: 83:     I2C_Master_Start();
   941     064B  120A  118A  25F4  120A  118A  	fcall	_I2C_Master_Start
   942                           
   943                           ;I2C_EEPROM.c: 84:     while (I2C_Master_Write(0xA0)) {
   944     0650  2E56               	goto	l89
   945     0651                     l810:
   946                           
   947                           ;I2C_EEPROM.c: 85:         I2C_Master_RepeatedStart();
   948     0651  120A  118A  25EB  120A  118A  	fcall	_I2C_Master_RepeatedStart
   949     0656                     l89:	
   950                           ;I2C_EEPROM.c: 86:     }
   951                           
   952                           
   953                           ;I2C_EEPROM.c: 84:     while (I2C_Master_Write(0xA0)) {
   954     0656  30A0               	movlw	160
   955     0657  120A  118A  261F  120A  118A  	fcall	_I2C_Master_Write
   956     065C  3A00               	xorlw	0
   957     065D  1D03               	skipz
   958     065E  2E60               	goto	u231
   959     065F  2E61               	goto	u230
   960     0660                     u231:
   961     0660  2E51               	goto	l810
   962     0661                     u230:
   963     0661                     l812:
   964                           
   965                           ;I2C_EEPROM.c: 87:     I2C_Master_Write(add >> 8);
   966     0661  0872               	movf	EEPROM_Write@add+1,w
   967     0662  120A  118A  261F  120A  118A  	fcall	_I2C_Master_Write
   968                           
   969                           ;I2C_EEPROM.c: 88:     I2C_Master_Write((unsigned char)add);
   970     0667  0871               	movf	EEPROM_Write@add,w
   971     0668  120A  118A  261F  120A  118A  	fcall	_I2C_Master_Write
   972                           
   973                           ;I2C_EEPROM.c: 89:     I2C_Master_Write(data);
   974     066D  0873               	movf	EEPROM_Write@data,w
   975     066E  120A  118A  261F  120A  118A  	fcall	_I2C_Master_Write
   976                           
   977                           ;I2C_EEPROM.c: 90:     I2C_Master_Stop();
   978     0673  120A  118A  25FD  120A  118A  	fcall	_I2C_Master_Stop
   979     0678                     l92:
   980     0678  0008               	return
   981     0679                     __end_of_EEPROM_Write:
   982                           
   983                           	psect	text4
   984     06B1                     __ptext4:	
   985 ;; *************** function _EEPROM_Read *****************
   986 ;; Defined at:
   987 ;;		line 93 in file "I2C_EEPROM.c"
   988 ;; Parameters:    Size  Location     Type
   989 ;;  add             2    1[COMMON] unsigned int 
   990 ;; Auto vars:     Size  Location     Type
   991 ;;  data            1    3[COMMON] unsigned char 
   992 ;; Return value:  Size  Location     Type
   993 ;;                  1    wreg      unsigned char 
   994 ;; Registers used:
   995 ;;		wreg, status,2, status,0, pclath, cstack
   996 ;; Tracked objects:
   997 ;;		On entry : 0/0
   998 ;;		On exit  : 0/0
   999 ;;		Unchanged: 0/0
  1000 ;; Data sizes:     COMMON   BANK0   BANK1   BANK3   BANK2
  1001 ;;      Params:         2       0       0       0       0
  1002 ;;      Locals:         1       0       0       0       0
  1003 ;;      Temps:          0       0       0       0       0
  1004 ;;      Totals:         3       0       0       0       0
  1005 ;;Total ram usage:        3 bytes
  1006 ;; Hardware stack levels used: 1
  1007 ;; Hardware stack levels required when called: 2
  1008 ;; This function calls:
  1009 ;;		_I2C_Master_RepeatedStart
  1010 ;;		_I2C_Master_Start
  1011 ;;		_I2C_Master_Stop
  1012 ;;		_I2C_Master_Write
  1013 ;;		_I2C_NACK
  1014 ;;		_I2C_Read_Byte
  1015 ;; This function is called by:
  1016 ;;		_main
  1017 ;; This function uses a non-reentrant model
  1018 ;;
  1019                           
  1020     06B1                     _EEPROM_Read:	
  1021                           ;psect for function _EEPROM_Read
  1022                           
  1023     06B1                     l814:	
  1024                           ;incstack = 0
  1025                           ; Regs used in _EEPROM_Read: [wreg+status,2+status,0+pclath+cstack]
  1026                           
  1027                           
  1028                           ;I2C_EEPROM.c: 94:     unsigned char data;;I2C_EEPROM.c: 95:     I2C_Master_Start();
  1029     06B1  120A  118A  25F4  120A  118A  	fcall	_I2C_Master_Start
  1030                           
  1031                           ;I2C_EEPROM.c: 96:     while (I2C_Master_Write(0xA0)) {
  1032     06B6  2EBC               	goto	l95
  1033     06B7                     l816:
  1034                           
  1035                           ;I2C_EEPROM.c: 97:         I2C_Master_RepeatedStart();
  1036     06B7  120A  118A  25EB  120A  118A  	fcall	_I2C_Master_RepeatedStart
  1037     06BC                     l95:	
  1038                           ;I2C_EEPROM.c: 98:     }
  1039                           
  1040                           
  1041                           ;I2C_EEPROM.c: 96:     while (I2C_Master_Write(0xA0)) {
  1042     06BC  30A0               	movlw	160
  1043     06BD  120A  118A  261F  120A  118A  	fcall	_I2C_Master_Write
  1044     06C2  3A00               	xorlw	0
  1045     06C3  1D03               	skipz
  1046     06C4  2EC6               	goto	u241
  1047     06C5  2EC7               	goto	u240
  1048     06C6                     u241:
  1049     06C6  2EB7               	goto	l816
  1050     06C7                     u240:
  1051     06C7                     l818:
  1052                           
  1053                           ;I2C_EEPROM.c: 99:     I2C_Master_Write(add >> 8);
  1054     06C7  0872               	movf	EEPROM_Read@add+1,w
  1055     06C8  120A  118A  261F  120A  118A  	fcall	_I2C_Master_Write
  1056                           
  1057                           ;I2C_EEPROM.c: 100:     I2C_Master_Write((unsigned char)add);
  1058     06CD  0871               	movf	EEPROM_Read@add,w
  1059     06CE  120A  118A  261F  120A  118A  	fcall	_I2C_Master_Write
  1060                           
  1061                           ;I2C_EEPROM.c: 101:     I2C_Master_RepeatedStart();
  1062     06D3  120A  118A  25EB  120A  118A  	fcall	_I2C_Master_RepeatedStart
  1063                           
  1064                           ;I2C_EEPROM.c: 102:     I2C_Master_Write(0xA1);
  1065     06D8  30A1               	movlw	161
  1066     06D9  120A  118A  261F  120A  118A  	fcall	_I2C_Master_Write
  1067                           
  1068                           ;I2C_EEPROM.c: 103:     data = I2C_Read_Byte();
  1069     06DE  120A  118A  2634  120A  118A  	fcall	_I2C_Read_Byte
  1070     06E3  00F3               	movwf	EEPROM_Read@data
  1071                           
  1072                           ;I2C_EEPROM.c: 104:     I2C_NACK();
  1073     06E4  120A  118A  2606  120A  118A  	fcall	_I2C_NACK
  1074                           
  1075                           ;I2C_EEPROM.c: 105:     I2C_Master_Stop();
  1076     06E9  120A  118A  25FD  120A  118A  	fcall	_I2C_Master_Stop
  1077     06EE                     l820:
  1078                           
  1079                           ;I2C_EEPROM.c: 106:     return data;
  1080     06EE  0873               	movf	EEPROM_Read@data,w
  1081     06EF                     l98:
  1082     06EF  0008               	return
  1083     06F0                     __end_of_EEPROM_Read:
  1084                           
  1085                           	psect	text5
  1086     0634                     __ptext5:	
  1087 ;; *************** function _I2C_Read_Byte *****************
  1088 ;; Defined at:
  1089 ;;		line 58 in file "I2C_EEPROM.c"
  1090 ;; Parameters:    Size  Location     Type
  1091 ;;		None
  1092 ;; Auto vars:     Size  Location     Type
  1093 ;;		None
  1094 ;; Return value:  Size  Location     Type
  1095 ;;                  1    wreg      unsigned char 
  1096 ;; Registers used:
  1097 ;;		wreg, status,2, status,0, pclath, cstack
  1098 ;; Tracked objects:
  1099 ;;		On entry : 0/0
  1100 ;;		On exit  : 0/0
  1101 ;;		Unchanged: 0/0
  1102 ;; Data sizes:     COMMON   BANK0   BANK1   BANK3   BANK2
  1103 ;;      Params:         0       0       0       0       0
  1104 ;;      Locals:         0       0       0       0       0
  1105 ;;      Temps:          0       0       0       0       0
  1106 ;;      Totals:         0       0       0       0       0
  1107 ;;Total ram usage:        0 bytes
  1108 ;; Hardware stack levels used: 1
  1109 ;; Hardware stack levels required when called: 1
  1110 ;; This function calls:
  1111 ;;		_I2C_Master_Wait
  1112 ;; This function is called by:
  1113 ;;		_EEPROM_Read
  1114 ;; This function uses a non-reentrant model
  1115 ;;
  1116                           
  1117     0634                     _I2C_Read_Byte:	
  1118                           ;psect for function _I2C_Read_Byte
  1119                           
  1120     0634                     l666:	
  1121                           ;incstack = 0
  1122                           ; Regs used in _I2C_Read_Byte: [wreg+status,2+status,0+pclath+cstack]
  1123                           
  1124                           
  1125                           ;I2C_EEPROM.c: 59:     I2C_Master_Wait();
  1126     0634  120A  118A  2612  120A  118A  	fcall	_I2C_Master_Wait
  1127     0639                     l668:
  1128                           
  1129                           ;I2C_EEPROM.c: 60:     RCEN = 1;
  1130     0639  1683               	bsf	3,5	;RP0=1, select bank1
  1131     063A  1303               	bcf	3,6	;RP1=0, select bank1
  1132     063B  1591               	bsf	17,3	;volatile
  1133     063C                     l77:	
  1134                           ;I2C_EEPROM.c: 61:     while (!SSPIF);
  1135                           
  1136     063C  1283               	bcf	3,5	;RP0=0, select bank0
  1137     063D  1D8C               	btfss	12,3	;volatile
  1138     063E  2E40               	goto	u41
  1139     063F  2E41               	goto	u40
  1140     0640                     u41:
  1141     0640  2E3C               	goto	l77
  1142     0641                     u40:
  1143     0641                     l79:
  1144                           
  1145                           ;I2C_EEPROM.c: 62:     SSPIF = 0;
  1146     0641  118C               	bcf	12,3	;volatile
  1147     0642                     l670:
  1148                           
  1149                           ;I2C_EEPROM.c: 63:     I2C_Master_Wait();
  1150     0642  120A  118A  2612  120A  118A  	fcall	_I2C_Master_Wait
  1151     0647                     l672:
  1152                           
  1153                           ;I2C_EEPROM.c: 64:     return SSPBUF;
  1154     0647  1283               	bcf	3,5	;RP0=0, select bank0
  1155     0648  1303               	bcf	3,6	;RP1=0, select bank0
  1156     0649  0813               	movf	19,w	;volatile
  1157     064A                     l80:
  1158     064A  0008               	return
  1159     064B                     __end_of_I2C_Read_Byte:
  1160                           
  1161                           	psect	text6
  1162     0606                     __ptext6:	
  1163 ;; *************** function _I2C_NACK *****************
  1164 ;; Defined at:
  1165 ;;		line 75 in file "I2C_EEPROM.c"
  1166 ;; Parameters:    Size  Location     Type
  1167 ;;		None
  1168 ;; Auto vars:     Size  Location     Type
  1169 ;;		None
  1170 ;; Return value:  Size  Location     Type
  1171 ;;                  1    wreg      void 
  1172 ;; Registers used:
  1173 ;;		wreg, status,2, status,0, pclath, cstack
  1174 ;; Tracked objects:
  1175 ;;		On entry : 0/0
  1176 ;;		On exit  : 0/0
  1177 ;;		Unchanged: 0/0
  1178 ;; Data sizes:     COMMON   BANK0   BANK1   BANK3   BANK2
  1179 ;;      Params:         0       0       0       0       0
  1180 ;;      Locals:         0       0       0       0       0
  1181 ;;      Temps:          0       0       0       0       0
  1182 ;;      Totals:         0       0       0       0       0
  1183 ;;Total ram usage:        0 bytes
  1184 ;; Hardware stack levels used: 1
  1185 ;; Hardware stack levels required when called: 1
  1186 ;; This function calls:
  1187 ;;		_I2C_Master_Wait
  1188 ;; This function is called by:
  1189 ;;		_EEPROM_Read
  1190 ;; This function uses a non-reentrant model
  1191 ;;
  1192                           
  1193     0606                     _I2C_NACK:	
  1194                           ;psect for function _I2C_NACK
  1195                           
  1196     0606                     l676:	
  1197                           ;incstack = 0
  1198                           ; Regs used in _I2C_NACK: [wreg+status,2+status,0+pclath+cstack]
  1199                           
  1200                           
  1201                           ;I2C_EEPROM.c: 76:     ACKDT = 1;
  1202     0606  1683               	bsf	3,5	;RP0=1, select bank1
  1203     0607  1303               	bcf	3,6	;RP1=0, select bank1
  1204     0608  1691               	bsf	17,5	;volatile
  1205     0609                     l678:
  1206                           
  1207                           ;I2C_EEPROM.c: 77:     I2C_Master_Wait();
  1208     0609  120A  118A  2612  120A  118A  	fcall	_I2C_Master_Wait
  1209     060E                     l680:
  1210                           
  1211                           ;I2C_EEPROM.c: 78:     ACKEN = 1;
  1212     060E  1683               	bsf	3,5	;RP0=1, select bank1
  1213     060F  1303               	bcf	3,6	;RP1=0, select bank1
  1214     0610  1611               	bsf	17,4	;volatile
  1215     0611                     l86:
  1216     0611  0008               	return
  1217     0612                     __end_of_I2C_NACK:
  1218                           
  1219                           	psect	text7
  1220     061F                     __ptext7:	
  1221 ;; *************** function _I2C_Master_Write *****************
  1222 ;; Defined at:
  1223 ;;		line 49 in file "I2C_EEPROM.c"
  1224 ;; Parameters:    Size  Location     Type
  1225 ;;  data            1    wreg     unsigned char 
  1226 ;; Auto vars:     Size  Location     Type
  1227 ;;  data            1    0[COMMON] unsigned char 
  1228 ;; Return value:  Size  Location     Type
  1229 ;;                  1    wreg      unsigned char 
  1230 ;; Registers used:
  1231 ;;		wreg, status,2, status,0, pclath, cstack
  1232 ;; Tracked objects:
  1233 ;;		On entry : 0/0
  1234 ;;		On exit  : 0/0
  1235 ;;		Unchanged: 0/0
  1236 ;; Data sizes:     COMMON   BANK0   BANK1   BANK3   BANK2
  1237 ;;      Params:         0       0       0       0       0
  1238 ;;      Locals:         1       0       0       0       0
  1239 ;;      Temps:          0       0       0       0       0
  1240 ;;      Totals:         1       0       0       0       0
  1241 ;;Total ram usage:        1 bytes
  1242 ;; Hardware stack levels used: 1
  1243 ;; Hardware stack levels required when called: 1
  1244 ;; This function calls:
  1245 ;;		_I2C_Master_Wait
  1246 ;; This function is called by:
  1247 ;;		_EEPROM_Write
  1248 ;;		_EEPROM_Read
  1249 ;; This function uses a non-reentrant model
  1250 ;;
  1251                           
  1252     061F                     _I2C_Master_Write:	
  1253                           ;psect for function _I2C_Master_Write
  1254                           
  1255                           
  1256                           ;incstack = 0
  1257                           ; Regs used in _I2C_Master_Write: [wreg+status,2+status,0+pclath+cstack]
  1258                           ;I2C_Master_Write@data stored from wreg
  1259     061F  00F0               	movwf	I2C_Master_Write@data
  1260     0620                     l658:
  1261                           
  1262                           ;I2C_EEPROM.c: 50:     I2C_Master_Wait();
  1263     0620  120A  118A  2612  120A  118A  	fcall	_I2C_Master_Wait
  1264     0625                     l660:
  1265                           
  1266                           ;I2C_EEPROM.c: 51:     SSPBUF = data;
  1267     0625  0870               	movf	I2C_Master_Write@data,w
  1268     0626  1283               	bcf	3,5	;RP0=0, select bank0
  1269     0627  1303               	bcf	3,6	;RP1=0, select bank0
  1270     0628  0093               	movwf	19	;volatile
  1271     0629                     l71:	
  1272                           ;I2C_EEPROM.c: 52:     while (!SSPIF);
  1273                           
  1274     0629  1D8C               	btfss	12,3	;volatile
  1275     062A  2E2C               	goto	u31
  1276     062B  2E2D               	goto	u30
  1277     062C                     u31:
  1278     062C  2E29               	goto	l71
  1279     062D                     u30:
  1280     062D                     l73:
  1281                           
  1282                           ;I2C_EEPROM.c: 53:     SSPIF = 0;
  1283     062D  118C               	bcf	12,3	;volatile
  1284     062E                     l662:
  1285                           
  1286                           ;I2C_EEPROM.c: 54:     return ACKSTAT;
  1287     062E  3000               	movlw	0
  1288     062F  1683               	bsf	3,5	;RP0=1, select bank1
  1289     0630  1303               	bcf	3,6	;RP1=0, select bank1
  1290     0631  1B11               	btfsc	17,6	;volatile
  1291     0632  3001               	movlw	1
  1292     0633                     l74:
  1293     0633  0008               	return
  1294     0634                     __end_of_I2C_Master_Write:
  1295                           
  1296                           	psect	text8
  1297     05FD                     __ptext8:	
  1298 ;; *************** function _I2C_Master_Stop *****************
  1299 ;; Defined at:
  1300 ;;		line 43 in file "I2C_EEPROM.c"
  1301 ;; Parameters:    Size  Location     Type
  1302 ;;		None
  1303 ;; Auto vars:     Size  Location     Type
  1304 ;;		None
  1305 ;; Return value:  Size  Location     Type
  1306 ;;                  1    wreg      void 
  1307 ;; Registers used:
  1308 ;;		wreg, status,2, status,0, pclath, cstack
  1309 ;; Tracked objects:
  1310 ;;		On entry : 0/0
  1311 ;;		On exit  : 0/0
  1312 ;;		Unchanged: 0/0
  1313 ;; Data sizes:     COMMON   BANK0   BANK1   BANK3   BANK2
  1314 ;;      Params:         0       0       0       0       0
  1315 ;;      Locals:         0       0       0       0       0
  1316 ;;      Temps:          0       0       0       0       0
  1317 ;;      Totals:         0       0       0       0       0
  1318 ;;Total ram usage:        0 bytes
  1319 ;; Hardware stack levels used: 1
  1320 ;; Hardware stack levels required when called: 1
  1321 ;; This function calls:
  1322 ;;		_I2C_Master_Wait
  1323 ;; This function is called by:
  1324 ;;		_EEPROM_Write
  1325 ;;		_EEPROM_Read
  1326 ;; This function uses a non-reentrant model
  1327 ;;
  1328                           
  1329     05FD                     _I2C_Master_Stop:	
  1330                           ;psect for function _I2C_Master_Stop
  1331                           
  1332     05FD                     l654:	
  1333                           ;incstack = 0
  1334                           ; Regs used in _I2C_Master_Stop: [wreg+status,2+status,0+pclath+cstack]
  1335                           
  1336                           
  1337                           ;I2C_EEPROM.c: 44:     I2C_Master_Wait();
  1338     05FD  120A  118A  2612  120A  118A  	fcall	_I2C_Master_Wait
  1339     0602                     l656:
  1340                           
  1341                           ;I2C_EEPROM.c: 45:     PEN = 1;
  1342     0602  1683               	bsf	3,5	;RP0=1, select bank1
  1343     0603  1303               	bcf	3,6	;RP1=0, select bank1
  1344     0604  1511               	bsf	17,2	;volatile
  1345     0605                     l68:
  1346     0605  0008               	return
  1347     0606                     __end_of_I2C_Master_Stop:
  1348                           
  1349                           	psect	text9
  1350     05F4                     __ptext9:	
  1351 ;; *************** function _I2C_Master_Start *****************
  1352 ;; Defined at:
  1353 ;;		line 31 in file "I2C_EEPROM.c"
  1354 ;; Parameters:    Size  Location     Type
  1355 ;;		None
  1356 ;; Auto vars:     Size  Location     Type
  1357 ;;		None
  1358 ;; Return value:  Size  Location     Type
  1359 ;;                  1    wreg      void 
  1360 ;; Registers used:
  1361 ;;		wreg, status,2, status,0, pclath, cstack
  1362 ;; Tracked objects:
  1363 ;;		On entry : 0/0
  1364 ;;		On exit  : 0/0
  1365 ;;		Unchanged: 0/0
  1366 ;; Data sizes:     COMMON   BANK0   BANK1   BANK3   BANK2
  1367 ;;      Params:         0       0       0       0       0
  1368 ;;      Locals:         0       0       0       0       0
  1369 ;;      Temps:          0       0       0       0       0
  1370 ;;      Totals:         0       0       0       0       0
  1371 ;;Total ram usage:        0 bytes
  1372 ;; Hardware stack levels used: 1
  1373 ;; Hardware stack levels required when called: 1
  1374 ;; This function calls:
  1375 ;;		_I2C_Master_Wait
  1376 ;; This function is called by:
  1377 ;;		_EEPROM_Write
  1378 ;;		_EEPROM_Read
  1379 ;; This function uses a non-reentrant model
  1380 ;;
  1381                           
  1382     05F4                     _I2C_Master_Start:	
  1383                           ;psect for function _I2C_Master_Start
  1384                           
  1385     05F4                     l646:	
  1386                           ;incstack = 0
  1387                           ; Regs used in _I2C_Master_Start: [wreg+status,2+status,0+pclath+cstack]
  1388                           
  1389                           
  1390                           ;I2C_EEPROM.c: 32:     I2C_Master_Wait();
  1391     05F4  120A  118A  2612  120A  118A  	fcall	_I2C_Master_Wait
  1392     05F9                     l648:
  1393                           
  1394                           ;I2C_EEPROM.c: 33:     SEN = 1;
  1395     05F9  1683               	bsf	3,5	;RP0=1, select bank1
  1396     05FA  1303               	bcf	3,6	;RP1=0, select bank1
  1397     05FB  1411               	bsf	17,0	;volatile
  1398     05FC                     l62:
  1399     05FC  0008               	return
  1400     05FD                     __end_of_I2C_Master_Start:
  1401                           
  1402                           	psect	text10
  1403     05EB                     __ptext10:	
  1404 ;; *************** function _I2C_Master_RepeatedStart *****************
  1405 ;; Defined at:
  1406 ;;		line 37 in file "I2C_EEPROM.c"
  1407 ;; Parameters:    Size  Location     Type
  1408 ;;		None
  1409 ;; Auto vars:     Size  Location     Type
  1410 ;;		None
  1411 ;; Return value:  Size  Location     Type
  1412 ;;                  1    wreg      void 
  1413 ;; Registers used:
  1414 ;;		wreg, status,2, status,0, pclath, cstack
  1415 ;; Tracked objects:
  1416 ;;		On entry : 0/0
  1417 ;;		On exit  : 0/0
  1418 ;;		Unchanged: 0/0
  1419 ;; Data sizes:     COMMON   BANK0   BANK1   BANK3   BANK2
  1420 ;;      Params:         0       0       0       0       0
  1421 ;;      Locals:         0       0       0       0       0
  1422 ;;      Temps:          0       0       0       0       0
  1423 ;;      Totals:         0       0       0       0       0
  1424 ;;Total ram usage:        0 bytes
  1425 ;; Hardware stack levels used: 1
  1426 ;; Hardware stack levels required when called: 1
  1427 ;; This function calls:
  1428 ;;		_I2C_Master_Wait
  1429 ;; This function is called by:
  1430 ;;		_EEPROM_Write
  1431 ;;		_EEPROM_Read
  1432 ;; This function uses a non-reentrant model
  1433 ;;
  1434                           
  1435     05EB                     _I2C_Master_RepeatedStart:	
  1436                           ;psect for function _I2C_Master_RepeatedStart
  1437                           
  1438     05EB                     l650:	
  1439                           ;incstack = 0
  1440                           ; Regs used in _I2C_Master_RepeatedStart: [wreg+status,2+status,0+pclath+cstack]
  1441                           
  1442                           
  1443                           ;I2C_EEPROM.c: 38:     I2C_Master_Wait();
  1444     05EB  120A  118A  2612  120A  118A  	fcall	_I2C_Master_Wait
  1445     05F0                     l652:
  1446                           
  1447                           ;I2C_EEPROM.c: 39:     RSEN = 1;
  1448     05F0  1683               	bsf	3,5	;RP0=1, select bank1
  1449     05F1  1303               	bcf	3,6	;RP1=0, select bank1
  1450     05F2  1491               	bsf	17,1	;volatile
  1451     05F3                     l65:
  1452     05F3  0008               	return
  1453     05F4                     __end_of_I2C_Master_RepeatedStart:
  1454                           
  1455                           	psect	text11
  1456     0612                     __ptext11:	
  1457 ;; *************** function _I2C_Master_Wait *****************
  1458 ;; Defined at:
  1459 ;;		line 26 in file "I2C_EEPROM.c"
  1460 ;; Parameters:    Size  Location     Type
  1461 ;;		None
  1462 ;; Auto vars:     Size  Location     Type
  1463 ;;		None
  1464 ;; Return value:  Size  Location     Type
  1465 ;;                  1    wreg      void 
  1466 ;; Registers used:
  1467 ;;		wreg, status,2
  1468 ;; Tracked objects:
  1469 ;;		On entry : 0/0
  1470 ;;		On exit  : 0/0
  1471 ;;		Unchanged: 0/0
  1472 ;; Data sizes:     COMMON   BANK0   BANK1   BANK3   BANK2
  1473 ;;      Params:         0       0       0       0       0
  1474 ;;      Locals:         0       0       0       0       0
  1475 ;;      Temps:          0       0       0       0       0
  1476 ;;      Totals:         0       0       0       0       0
  1477 ;;Total ram usage:        0 bytes
  1478 ;; Hardware stack levels used: 1
  1479 ;; This function calls:
  1480 ;;		Nothing
  1481 ;; This function is called by:
  1482 ;;		_I2C_Master_Start
  1483 ;;		_I2C_Master_RepeatedStart
  1484 ;;		_I2C_Master_Stop
  1485 ;;		_I2C_Master_Write
  1486 ;;		_I2C_Read_Byte
  1487 ;;		_I2C_NACK
  1488 ;;		_I2C_ACK
  1489 ;; This function uses a non-reentrant model
  1490 ;;
  1491                           
  1492     0612                     _I2C_Master_Wait:	
  1493                           ;psect for function _I2C_Master_Wait
  1494                           
  1495     0612                     l642:	
  1496                           ;incstack = 0
  1497                           ; Regs used in _I2C_Master_Wait: [wreg+status,2]
  1498                           
  1499     0612                     l56:	
  1500                           ;I2C_EEPROM.c: 27:     while ((SSPSTAT & 0x04) || (SSPCON2 & 0x1F));
  1501                           
  1502     0612  1683               	bsf	3,5	;RP0=1, select bank1
  1503     0613  1303               	bcf	3,6	;RP1=0, select bank1
  1504     0614  1914               	btfsc	20,2	;volatile
  1505     0615  2E17               	goto	u11
  1506     0616  2E18               	goto	u10
  1507     0617                     u11:
  1508     0617  2E12               	goto	l56
  1509     0618                     u10:
  1510     0618                     l644:
  1511     0618  0811               	movf	17,w	;volatile
  1512     0619  391F               	andlw	31
  1513     061A  1D03               	btfss	3,2
  1514     061B  2E1D               	goto	u21
  1515     061C  2E1E               	goto	u20
  1516     061D                     u21:
  1517     061D  2E12               	goto	l56
  1518     061E                     u20:
  1519     061E                     l59:
  1520     061E  0008               	return
  1521     061F                     __end_of_I2C_Master_Wait:
  1522     007E                     btemp	set	126	;btemp
  1523     007E                     wtemp0	set	126

Data Sizes:
    Strings     0
    Constant    0
    Data        0
    BSS         0
    Persistent  0
    Stack       0

Auto Spaces:
    Space          Size  Autos    Used
    COMMON           14     14      14
    BANK0            80     11      11
    BANK1            80      0       0
    BANK3            96      0       0
    BANK2            96      0       0

Pointer List with Targets:

    None.

Critical Paths under _main in COMMON

    _I2C_Master_Init->___lldiv
    _EEPROM_Write->_I2C_Master_Write
    _EEPROM_Read->_I2C_Master_Write

Critical Paths under _main in BANK0

    _main->_I2C_Master_Init

Critical Paths under _main in BANK1

    None.

Critical Paths under _main in BANK3

    None.

Critical Paths under _main in BANK2

    None.

Call Graph Tables:

 ---------------------------------------------------------------------------------
 (Depth) Function   	        Calls       Base Space   Used Autos Params    Refs
 ---------------------------------------------------------------------------------
 (0) _main                                                 3     3      0    1259
                                              8 BANK0      3     3      0
                        _EEPROM_Read
                       _EEPROM_Write
                    _I2C_Master_Init
 ---------------------------------------------------------------------------------
 (1) _I2C_Master_Init                                      8     4      4     412
                                              0 BANK0      8     4      4
                            ___lldiv
 ---------------------------------------------------------------------------------
 (2) ___lldiv                                             14     6      8     314
                                              0 COMMON    14     6      8
 ---------------------------------------------------------------------------------
 (1) _EEPROM_Write                                         3     0      3     537
                                              1 COMMON     3     0      3
           _I2C_Master_RepeatedStart
                   _I2C_Master_Start
                    _I2C_Master_Stop
                   _I2C_Master_Write
 ---------------------------------------------------------------------------------
 (1) _EEPROM_Read                                          3     1      2     310
                                              1 COMMON     3     1      2
           _I2C_Master_RepeatedStart
                   _I2C_Master_Start
                    _I2C_Master_Stop
                   _I2C_Master_Write
                           _I2C_NACK
                      _I2C_Read_Byte
 ---------------------------------------------------------------------------------
 (2) _I2C_Read_Byte                                        0     0      0       0
                    _I2C_Master_Wait
 ---------------------------------------------------------------------------------
 (2) _I2C_NACK                                             0     0      0       0
                    _I2C_Master_Wait
 ---------------------------------------------------------------------------------
 (2) _I2C_Master_Write                                     1     1      0      15
                                              0 COMMON     1     1      0
                    _I2C_Master_Wait
 ---------------------------------------------------------------------------------
 (2) _I2C_Master_Stop                                      0     0      0       0
                    _I2C_Master_Wait
 ---------------------------------------------------------------------------------
 (2) _I2C_Master_Start                                     0     0      0       0
                    _I2C_Master_Wait
 ---------------------------------------------------------------------------------
 (2) _I2C_Master_RepeatedStart                             0     0      0       0
                    _I2C_Master_Wait
 ---------------------------------------------------------------------------------
 (3) _I2C_Master_Wait                                      0     0      0       0
 ---------------------------------------------------------------------------------
 Estimated maximum stack depth 3
 ---------------------------------------------------------------------------------

 Call Graph Graphs:

 _main (ROOT)
   _EEPROM_Read
     _I2C_Master_RepeatedStart
       _I2C_Master_Wait
     _I2C_Master_Start
       _I2C_Master_Wait
     _I2C_Master_Stop
       _I2C_Master_Wait
     _I2C_Master_Write
       _I2C_Master_Wait
     _I2C_NACK
       _I2C_Master_Wait
     _I2C_Read_Byte
       _I2C_Master_Wait
   _EEPROM_Write
     _I2C_Master_RepeatedStart
     _I2C_Master_Start
     _I2C_Master_Stop
     _I2C_Master_Write
   _I2C_Master_Init
     ___lldiv

 Address spaces:
Name               Size   Autos  Total    Cost      Usage
BITCOMMON            E      0       0       0        0.0%
EEDATA             100      0       0       0        0.0%
NULL                 0      0       0       0        0.0%
CODE                 0      0       0       0        0.0%
COMMON               E      E       E       1      100.0%
BITSFR0              0      0       0       1        0.0%
SFR0                 0      0       0       1        0.0%
BITSFR1              0      0       0       2        0.0%
SFR1                 0      0       0       2        0.0%
STACK                0      0       0       2        0.0%
ABS                  0      0       0       3        0.0%
BITBANK0            50      0       0       4        0.0%
BITSFR3              0      0       0       4        0.0%
SFR3                 0      0       0       4        0.0%
BANK0               50      B       B       5       13.8%
BITSFR2              0      0       0       5        0.0%
SFR2                 0      0       0       5        0.0%
BITBANK1            50      0       0       6        0.0%
BANK1               50      0       0       7        0.0%
BITBANK3            60      0       0       8        0.0%
BANK3               60      0       0       9        0.0%
BITBANK2            60      0       0      10        0.0%
BANK2               60      0       0      11        0.0%
DATA                 0      0       0      12        0.0%


Microchip Technology PIC Macro Assembler V2.46 build 20240104201356 
Symbol Table                                                                                   Sat Nov 09 01:24:03 2024

                              l17 07F8                                l18 07F8                                l53 06B0  
                              l62 05FC                                l71 0629                                l56 0612  
                              l80 064A                                l65 05F3                                l73 062D  
                              l74 0633                                l59 061E                                l68 0605  
                              l92 0678                                l77 063C                                l86 0611  
                              l79 0641                                l95 06BC                                l89 0656  
                              l98 06EF                                u10 0618                                u11 0617  
                              u20 061E                                u21 061D                                u30 062D  
                              u31 062C                                u40 0641                                u41 0640  
                             l220 0755                               l800 0680                               l642 0612  
                             l650 05EB                               l810 0651                               l802 06AD  
                             l644 0618                               l652 05F0                               l660 0625  
                             l820 06EE                               l812 0661                               l804 06AE  
                             l646 05F4                               l654 05FD                               l662 062E  
                             l670 0642                               l814 06B1                               l806 06AF  
                             l830 077A                               l648 05F9                               l656 0602  
                             l680 060E                               l672 0647                               l816 06B7  
                             l808 064B                               l840 07A7                               l832 0785  
                             l824 0756                               l658 0620                               l666 0634  
                             l818 06C7                               l770 06F0                               l850 07E9  
                             l842 07B3                               l834 078F                               l826 0765  
                             l676 0606                               l668 0639                               l780 0714  
                             l772 0700                               l844 07C2                               l836 079A  
                             l828 0770                               l678 0609                               l790 0747  
                             l782 071D                               l774 0703                               l846 07CE  
                             l838 07A4                               l784 072F                               l776 070C  
                             l792 074D                               l848 07DD                               l786 073D  
                             l778 0710                               l788 073E                               l796 0679  
                             l798 067D                               u210 074D                               u211 074C  
                             u220 0690                               u205 073F                               u230 0661  
                             u150 0700                               u231 0660                               u151 06FF  
                             u240 06C7                               u241 06C6                               u225 068B  
                             u170 0714                               u171 0713                               u307 07F1  
                             u165 0705                               u190 072F                               u191 072E  
                             _PEN 048A                               u185 0716                               u257 0776  
                             u195 072B                               u267 078B                               u277 07A0  
                             u287 07BB                               u297 07D6                               _SEN 0488  
                            _RCEN 048B                              _RSEN 0489                  __end_of_I2C_NACK 0612  
__end_of_I2C_Master_RepeatedStart 05F4                              _main 0756                              btemp 007E  
                            start 0000                   EEPROM_Write@add 0071              __end_of_EEPROM_Write 0679  
                ?_I2C_Master_Init 0020                  ?_I2C_Master_Wait 0070                  ?_I2C_Master_Stop 0070  
                           ?_main 0070                             _ACKEN 048C                             _ACKDT 048D  
                 __end_of___lldiv 0756                             _PORTD 0008                             _TRISD 0088  
                           _SSPIF 0063                             status 0003                             wtemp0 007E  
                EEPROM_Write@data 0073                   __initialization 07FC                      __end_of_main 07FC  
                          ??_main 0028                 ?_I2C_Master_Start 0070                 ?_I2C_Master_Write 0070  
              ??_I2C_Master_Start 0070                ??_I2C_Master_Write 0070                            _SSPADD 0093  
                          _TRISC3 043B                            _TRISC4 043C                            _SSPCON 0014  
                          _SSPBUF 0013          _I2C_Master_RepeatedStart 05EB                     _I2C_Read_Byte 0634  
                       ??___lldiv 0078                         ?_I2C_NACK 0070           __end_of__initialization 07FC  
                  ?_I2C_Read_Byte 0070                    __pcstackCOMMON 0070                        ??_I2C_NACK 0070  
                    _EEPROM_Write 064B                        __pmaintext 0756                           _ACKSTAT 048E  
                         _SSPCON2 0091                           _SSPSTAT 0094                   ??_I2C_Read_Byte 0070  
                         ___lldiv 06F0                           __ptext1 0679                           __ptext2 06F0  
                         __ptext3 064B                           __ptext4 06B1                           __ptext5 0634  
                         __ptext6 0606                           __ptext7 061F                           __ptext8 05FD  
                         __ptext9 05F4              end_of_initialization 07FC        ??_I2C_Master_RepeatedStart 0070  
                   ??_EEPROM_Read 0073                   ___lldiv@divisor 0070                   ___lldiv@counter 007D  
             __end_of_EEPROM_Read 06F0               start_initialization 07FC                 ??_I2C_Master_Init 0024  
               ??_I2C_Master_Wait 0070                 ??_I2C_Master_Stop 0070                         ___latbits 0002  
                   __pcstackBANK0 0020                       _EEPROM_Read 06B1                  _I2C_Master_Start 05F4  
                _I2C_Master_Write 061F                          ?___lldiv 0070              I2C_Master_Write@data 0070  
                        _I2C_NACK 0606             __end_of_I2C_Read_Byte 064B               I2C_Master_Init@baud 0020  
       ?_I2C_Master_RepeatedStart 0070                   _I2C_Master_Init 0679                   _I2C_Master_Wait 0612  
                 _I2C_Master_Stop 05FD                          __ptext10 05EB                          __ptext11 0612  
                   ?_EEPROM_Write 0071          __end_of_I2C_Master_Start 05FD          __end_of_I2C_Master_Write 0634  
                  ??_EEPROM_Write 0074                      ?_EEPROM_Read 0071                  ___lldiv@dividend 0074  
         __end_of_I2C_Master_Init 06B1           __end_of_I2C_Master_Wait 061F           __end_of_I2C_Master_Stop 0606  
                ___lldiv@quotient 0079                   EEPROM_Read@data 0073                    EEPROM_Read@add 0071  
